<?xml version="1.0" encoding="UTF-8"?>
<testsuite name="tests.WebQuizEngineTest" tests="1" skipped="0" failures="0" errors="0" timestamp="2021-05-14T08:55:09" hostname="DESKTOP-FFBRE31" time="25.104">
  <properties/>
  <testcase name="start" classname="tests.WebQuizEngineTest" time="25.104"/>
  <system-out><![CDATA[?[1;31m
Start test 1?[0m

  .   ____          _            __ _ _
 /\\ / ___'_ __ _ _(_)_ __  __ _ \ \ \ \
( ( )\___ | '_ | '_| | '_ \/ _` | \ \ \ \
 \\/  ___)| |_)| | | | | || (_| |  ) ) ) )
  '  |____| .__|_| |_|_| |_\__, | / / / /
 =========|_|==============|___/=/_/_/_/
 :: Spring Boot ::        (v2.2.2.RELEASE)

2021-05-14 13:55:09.744  INFO 12928 --- [    Test worker] engine.WebQuizEngine                     : Starting WebQuizEngine on DESKTOP-FFBRE31 with PID 12928 (started by I love Nastia in C:\Projects\Web Quiz Engine\Web Quiz Engine\task)
2021-05-14 13:55:09.747  INFO 12928 --- [    Test worker] engine.WebQuizEngine                     : No active profile set, falling back to default profiles: default
2021-05-14 13:55:10.560  INFO 12928 --- [    Test worker] .s.d.r.c.RepositoryConfigurationDelegate : Bootstrapping Spring Data JPA repositories in DEFAULT mode.
2021-05-14 13:55:10.619  INFO 12928 --- [    Test worker] .s.d.r.c.RepositoryConfigurationDelegate : Finished Spring Data repository scanning in 51ms. Found 3 JPA repository interfaces.
2021-05-14 13:55:10.955  INFO 12928 --- [    Test worker] trationDelegate$BeanPostProcessorChecker : Bean 'org.springframework.transaction.annotation.ProxyTransactionManagementConfiguration' of type [org.springframework.transaction.annotation.ProxyTransactionManagementConfiguration] is not eligible for getting processed by all BeanPostProcessors (for example: not eligible for auto-proxying)
2021-05-14 13:55:11.162  INFO 12928 --- [    Test worker] o.s.b.w.embedded.tomcat.TomcatWebServer  : Tomcat initialized with port(s): 8888 (http)
2021-05-14 13:55:11.172  INFO 12928 --- [    Test worker] o.apache.catalina.core.StandardService   : Starting service [Tomcat]
2021-05-14 13:55:11.172  INFO 12928 --- [    Test worker] org.apache.catalina.core.StandardEngine  : Starting Servlet engine: [Apache Tomcat/9.0.29]
2021-05-14 13:55:11.291  INFO 12928 --- [    Test worker] o.a.c.c.C.[Tomcat].[localhost].[/]       : Initializing Spring embedded WebApplicationContext
2021-05-14 13:55:11.291  INFO 12928 --- [    Test worker] o.s.web.context.ContextLoader            : Root WebApplicationContext: initialization completed in 1495 ms
2021-05-14 13:55:11.418  INFO 12928 --- [    Test worker] com.zaxxer.hikari.HikariDataSource       : HikariPool-1 - Starting...
2021-05-14 13:55:11.591  INFO 12928 --- [    Test worker] com.zaxxer.hikari.HikariDataSource       : HikariPool-1 - Start completed.
2021-05-14 13:55:11.597  INFO 12928 --- [    Test worker] o.s.b.a.h2.H2ConsoleAutoConfiguration    : H2 console available at '/h2-console'. Database available at 'jdbc:h2:file:../quizdb'
2021-05-14 13:55:11.848  INFO 12928 --- [    Test worker] o.hibernate.jpa.internal.util.LogHelper  : HHH000204: Processing PersistenceUnitInfo [name: default]
2021-05-14 13:55:11.924  INFO 12928 --- [    Test worker] org.hibernate.Version                    : HHH000412: Hibernate Core {5.4.9.Final}
2021-05-14 13:55:12.073  INFO 12928 --- [    Test worker] o.hibernate.annotations.common.Version   : HCANN000001: Hibernate Commons Annotations {5.1.0.Final}
2021-05-14 13:55:12.186  INFO 12928 --- [    Test worker] org.hibernate.dialect.Dialect            : HHH000400: Using dialect: org.hibernate.dialect.H2Dialect
Hibernate: create table completion (id integer not null, completed_at TIMESTAMP not null, quiz_id integer, user_email varchar(255), primary key (id))
Hibernate: create table quiz (id integer not null, text varchar(255), title varchar(255), user_email varchar(255), primary key (id))
Hibernate: create table quiz_answer (quiz_id integer not null, answer integer)
Hibernate: create table quiz_options (quiz_id integer not null, options varchar(255))
Hibernate: create table user (email varchar(255) not null, enabled boolean not null, password varchar(255), role varchar(255), primary key (email))
Hibernate: create sequence hibernate_sequence start with 1 increment by 1
Hibernate: alter table completion add constraint FKrhbe6tbkypvvuho9x23eqaltn foreign key (user_email) references user
Hibernate: alter table quiz add constraint FKf7isi6ven4vas6j8v3woeyrd5 foreign key (user_email) references user
Hibernate: alter table quiz_answer add constraint FKoxi2td1x8cc3y4a0vlsg2hfnc foreign key (quiz_id) references quiz
Hibernate: alter table quiz_options add constraint FKsx28j7orq6asg17veq9nblhw8 foreign key (quiz_id) references quiz
2021-05-14 13:55:12.947  INFO 12928 --- [    Test worker] o.h.e.t.j.p.i.JtaPlatformInitiator       : HHH000490: Using JtaPlatform implementation: [org.hibernate.engine.transaction.jta.platform.internal.NoJtaPlatform]
2021-05-14 13:55:12.955  INFO 12928 --- [    Test worker] j.LocalContainerEntityManagerFactoryBean : Initialized JPA EntityManagerFactory for persistence unit 'default'
2021-05-14 13:55:12.999  WARN 12928 --- [    Test worker] JpaBaseConfiguration$JpaWebConfiguration : spring.jpa.open-in-view is enabled by default. Therefore, database queries may be performed during view rendering. Explicitly configure spring.jpa.open-in-view to disable this warning
2021-05-14 13:55:13.544  INFO 12928 --- [    Test worker] o.s.s.web.DefaultSecurityFilterChain     : Creating filter chain: any request, [org.springframework.security.web.context.request.async.WebAsyncManagerIntegrationFilter@46532d99, org.springframework.security.web.context.SecurityContextPersistenceFilter@1acf2e3d, org.springframework.security.web.header.HeaderWriterFilter@72deb4b2, org.springframework.security.web.authentication.logout.LogoutFilter@155f24ff, org.springframework.security.web.authentication.www.BasicAuthenticationFilter@564b85a1, org.springframework.security.web.savedrequest.RequestCacheAwareFilter@58b1d811, org.springframework.security.web.servletapi.SecurityContextHolderAwareRequestFilter@441a388e, org.springframework.security.web.authentication.AnonymousAuthenticationFilter@26f3e751, org.springframework.security.web.session.SessionManagementFilter@2f96867a, org.springframework.security.web.access.ExceptionTranslationFilter@3f46cab2, org.springframework.security.web.access.intercept.FilterSecurityInterceptor@719b0889]
2021-05-14 13:55:13.651  INFO 12928 --- [    Test worker] o.s.s.concurrent.ThreadPoolTaskExecutor  : Initializing ExecutorService 'applicationTaskExecutor'
2021-05-14 13:55:13.896  INFO 12928 --- [    Test worker] o.s.b.a.e.web.EndpointLinksResolver      : Exposing 14 endpoint(s) beneath base path '/actuator'
2021-05-14 13:55:13.946  INFO 12928 --- [    Test worker] o.s.b.w.embedded.tomcat.TomcatWebServer  : Tomcat started on port(s): 8888 (http) with context path ''
2021-05-14 13:55:13.950  INFO 12928 --- [    Test worker] engine.WebQuizEngine                     : Started WebQuizEngine in 4.535 seconds (JVM running for 5.274)
2021-05-14 13:55:14.241  INFO 12928 --- [nio-8888-exec-1] o.a.c.c.C.[Tomcat].[localhost].[/]       : Initializing Spring DispatcherServlet 'dispatcherServlet'
2021-05-14 13:55:14.243  INFO 12928 --- [nio-8888-exec-1] o.s.web.servlet.DispatcherServlet        : Initializing Servlet 'dispatcherServlet'
2021-05-14 13:55:14.252  INFO 12928 --- [nio-8888-exec-1] o.s.web.servlet.DispatcherServlet        : Completed initialization in 9 ms
test@google.comqwerty
Hibernate: select user0_.email as email1_4_0_, user0_.enabled as enabled2_4_0_, user0_.password as password3_4_0_, user0_.role as role4_4_0_ from user user0_ where user0_.email=?
Hibernate: select user0_.email as email1_4_0_, user0_.enabled as enabled2_4_0_, user0_.password as password3_4_0_, user0_.role as role4_4_0_ from user user0_ where user0_.email=?
Hibernate: insert into user (enabled, password, role, email) values (?, ?, ?, ?)
?[1;31m
Start test 2?[0m
user@google.com12345
Hibernate: select user0_.email as email1_4_0_, user0_.enabled as enabled2_4_0_, user0_.password as password3_4_0_, user0_.role as role4_4_0_ from user user0_ where user0_.email=?
Hibernate: select user0_.email as email1_4_0_, user0_.enabled as enabled2_4_0_, user0_.password as password3_4_0_, user0_.role as role4_4_0_ from user user0_ where user0_.email=?
Hibernate: insert into user (enabled, password, role, email) values (?, ?, ?, ?)
?[1;31m
Start test 3?[0m
2021-05-14 13:55:14.642  WARN 12928 --- [nio-8888-exec-3] .w.s.m.s.DefaultHandlerExceptionResolver : Resolved [org.springframework.web.bind.MethodArgumentNotValidException: Validation failed for argument [0] in public void engine.controller.UserController.registerUser(engine.model.User): [Field error in object 'user' on field 'email': rejected value [google.com]; codes [Email.user.email,Email.email,Email.java.lang.String,Email]; arguments [org.springframework.context.support.DefaultMessageSourceResolvable: codes [user.email,email]; arguments []; default message [email],[Ljavax.validation.constraints.Pattern$Flag;@36d5ce2,.+@.+\..+]; default message [must be a well-formed email address]] ]
?[1;31m
Start test 4?[0m
2021-05-14 13:55:14.691  WARN 12928 --- [nio-8888-exec-4] .w.s.m.s.DefaultHandlerExceptionResolver : Resolved [org.springframework.web.bind.MethodArgumentNotValidException: Validation failed for argument [0] in public void engine.controller.UserController.registerUser(engine.model.User): [Field error in object 'user' on field 'email': rejected value [well@googlecom]; codes [Email.user.email,Email.email,Email.java.lang.String,Email]; arguments [org.springframework.context.support.DefaultMessageSourceResolvable: codes [user.email,email]; arguments []; default message [email],[Ljavax.validation.constraints.Pattern$Flag;@36d5ce2,.+@.+\..+]; default message [must be a well-formed email address]] ]
?[1;31m
Start test 5?[0m
test@google.comrtyfgcxsfd1
Hibernate: select user0_.email as email1_4_0_, user0_.enabled as enabled2_4_0_, user0_.password as password3_4_0_, user0_.role as role4_4_0_ from user user0_ where user0_.email=?
?[1;31m
Start test 6?[0m
2021-05-14 13:55:14.781  WARN 12928 --- [nio-8888-exec-6] .w.s.m.s.DefaultHandlerExceptionResolver : Resolved [org.springframework.web.bind.MethodArgumentNotValidException: Validation failed for argument [0] in public void engine.controller.UserController.registerUser(engine.model.User): [Field error in object 'user' on field 'password': rejected value [1234]; codes [Size.user.password,Size.password,Size.java.lang.String,Size]; arguments [org.springframework.context.support.DefaultMessageSourceResolvable: codes [user.password,password]; arguments []; default message [password],2147483647,5]; default message [size must be between 5 and 2147483647]] ]
?[1;31m
Start test 7?[0m
2021-05-14 13:55:14.792  WARN 12928 --- [nio-8888-exec-7] .w.s.m.s.DefaultHandlerExceptionResolver : Resolved [org.springframework.web.bind.MethodArgumentNotValidException: Validation failed for argument [0] in public void engine.controller.UserController.registerUser(engine.model.User): [Field error in object 'user' on field 'password': rejected value [123]; codes [Size.user.password,Size.password,Size.java.lang.String,Size]; arguments [org.springframework.context.support.DefaultMessageSourceResolvable: codes [user.password,password]; arguments []; default message [password],2147483647,5]; default message [size must be between 5 and 2147483647]] ]
?[1;31m
Start test 8?[0m
Hibernate: select user0_.email as email1_4_0_, user0_.enabled as enabled2_4_0_, user0_.password as password3_4_0_, user0_.role as role4_4_0_ from user user0_ where user0_.email=?
2021-05-14 13:55:15.065  WARN 12928 --- [nio-8888-exec-8] o.a.c.util.SessionIdGeneratorBase        : Creation of SecureRandom instance for session ID generation using [SHA1PRNG] took [131] milliseconds.
Hibernate: select quiz0_.id as id1_1_, quiz0_.text as text2_1_, quiz0_.title as title3_1_, quiz0_.user_email as user_ema4_1_ from quiz quiz0_ order by quiz0_.id asc limit ?
?[1;31m
Start test 9?[0m
Hibernate: select user0_.email as email1_4_0_, user0_.enabled as enabled2_4_0_, user0_.password as password3_4_0_, user0_.role as role4_4_0_ from user user0_ where user0_.email=?
Hibernate: select quiz0_.id as id1_1_, quiz0_.text as text2_1_, quiz0_.title as title3_1_, quiz0_.user_email as user_ema4_1_ from quiz quiz0_ order by quiz0_.id asc limit ?
?[1;31m
Start test 10?[0m
Hibernate: select user0_.email as email1_4_0_, user0_.enabled as enabled2_4_0_, user0_.password as password3_4_0_, user0_.role as role4_4_0_ from user user0_ where user0_.email=?
Hibernate: call next value for hibernate_sequence
Hibernate: select user_.email, user_.enabled as enabled2_4_, user_.password as password3_4_, user_.role as role4_4_ from user user_ where user_.email=?
Hibernate: insert into quiz (text, title, user_email, id) values (?, ?, ?, ?)
Hibernate: insert into quiz_answer (quiz_id, answer) values (?, ?)
Hibernate: insert into quiz_options (quiz_id, options) values (?, ?)
Hibernate: insert into quiz_options (quiz_id, options) values (?, ?)
Hibernate: insert into quiz_options (quiz_id, options) values (?, ?)
Hibernate: insert into quiz_options (quiz_id, options) values (?, ?)
?[1;31m
Start test 11?[0m
Hibernate: select user0_.email as email1_4_0_, user0_.enabled as enabled2_4_0_, user0_.password as password3_4_0_, user0_.role as role4_4_0_ from user user0_ where user0_.email=?
Hibernate: select quiz0_.id as id1_1_0_, quiz0_.text as text2_1_0_, quiz0_.title as title3_1_0_, quiz0_.user_email as user_ema4_1_0_, user1_.email as email1_4_1_, user1_.enabled as enabled2_4_1_, user1_.password as password3_4_1_, user1_.role as role4_4_1_ from quiz quiz0_ left outer join user user1_ on quiz0_.user_email=user1_.email where quiz0_.id=?
Hibernate: select options0_.quiz_id as quiz_id1_3_0_, options0_.options as options2_3_0_ from quiz_options options0_ where options0_.quiz_id=?
?[1;31m
Start test 12?[0m
Hibernate: select user0_.email as email1_4_0_, user0_.enabled as enabled2_4_0_, user0_.password as password3_4_0_, user0_.role as role4_4_0_ from user user0_ where user0_.email=?
Hibernate: select quiz0_.id as id1_1_0_, quiz0_.text as text2_1_0_, quiz0_.title as title3_1_0_, quiz0_.user_email as user_ema4_1_0_, user1_.email as email1_4_1_, user1_.enabled as enabled2_4_1_, user1_.password as password3_4_1_, user1_.role as role4_4_1_ from quiz quiz0_ left outer join user user1_ on quiz0_.user_email=user1_.email where quiz0_.id=?
?[1;31m
Start test 13?[0m
Hibernate: select user0_.email as email1_4_0_, user0_.enabled as enabled2_4_0_, user0_.password as password3_4_0_, user0_.role as role4_4_0_ from user user0_ where user0_.email=?
Hibernate: select quiz0_.id as id1_1_, quiz0_.text as text2_1_, quiz0_.title as title3_1_, quiz0_.user_email as user_ema4_1_ from quiz quiz0_ order by quiz0_.id asc limit ?
Hibernate: select user0_.email as email1_4_0_, user0_.enabled as enabled2_4_0_, user0_.password as password3_4_0_, user0_.role as role4_4_0_ from user user0_ where user0_.email=?
Hibernate: select options0_.quiz_id as quiz_id1_3_0_, options0_.options as options2_3_0_ from quiz_options options0_ where options0_.quiz_id=?
?[1;31m
Start test 14?[0m
Hibernate: select user0_.email as email1_4_0_, user0_.enabled as enabled2_4_0_, user0_.password as password3_4_0_, user0_.role as role4_4_0_ from user user0_ where user0_.email=?
Hibernate: call next value for hibernate_sequence
Hibernate: select user_.email, user_.enabled as enabled2_4_, user_.password as password3_4_, user_.role as role4_4_ from user user_ where user_.email=?
Hibernate: insert into quiz (text, title, user_email, id) values (?, ?, ?, ?)
Hibernate: insert into quiz_answer (quiz_id, answer) values (?, ?)
Hibernate: insert into quiz_options (quiz_id, options) values (?, ?)
Hibernate: insert into quiz_options (quiz_id, options) values (?, ?)
Hibernate: insert into quiz_options (quiz_id, options) values (?, ?)
Hibernate: insert into quiz_options (quiz_id, options) values (?, ?)
?[1;31m
Start test 15?[0m
Hibernate: select user0_.email as email1_4_0_, user0_.enabled as enabled2_4_0_, user0_.password as password3_4_0_, user0_.role as role4_4_0_ from user user0_ where user0_.email=?
Hibernate: select quiz0_.id as id1_1_0_, quiz0_.text as text2_1_0_, quiz0_.title as title3_1_0_, quiz0_.user_email as user_ema4_1_0_, user1_.email as email1_4_1_, user1_.enabled as enabled2_4_1_, user1_.password as password3_4_1_, user1_.role as role4_4_1_ from quiz quiz0_ left outer join user user1_ on quiz0_.user_email=user1_.email where quiz0_.id=?
Hibernate: select options0_.quiz_id as quiz_id1_3_0_, options0_.options as options2_3_0_ from quiz_options options0_ where options0_.quiz_id=?
?[1;31m
Start test 16?[0m
Hibernate: select user0_.email as email1_4_0_, user0_.enabled as enabled2_4_0_, user0_.password as password3_4_0_, user0_.role as role4_4_0_ from user user0_ where user0_.email=?
Hibernate: select quiz0_.id as id1_1_0_, quiz0_.text as text2_1_0_, quiz0_.title as title3_1_0_, quiz0_.user_email as user_ema4_1_0_, user1_.email as email1_4_1_, user1_.enabled as enabled2_4_1_, user1_.password as password3_4_1_, user1_.role as role4_4_1_ from quiz quiz0_ left outer join user user1_ on quiz0_.user_email=user1_.email where quiz0_.id=?
?[1;31m
Start test 17?[0m
Hibernate: select user0_.email as email1_4_0_, user0_.enabled as enabled2_4_0_, user0_.password as password3_4_0_, user0_.role as role4_4_0_ from user user0_ where user0_.email=?
Hibernate: select quiz0_.id as id1_1_, quiz0_.text as text2_1_, quiz0_.title as title3_1_, quiz0_.user_email as user_ema4_1_ from quiz quiz0_ order by quiz0_.id asc limit ?
Hibernate: select user0_.email as email1_4_0_, user0_.enabled as enabled2_4_0_, user0_.password as password3_4_0_, user0_.role as role4_4_0_ from user user0_ where user0_.email=?
Hibernate: select user0_.email as email1_4_0_, user0_.enabled as enabled2_4_0_, user0_.password as password3_4_0_, user0_.role as role4_4_0_ from user user0_ where user0_.email=?
Hibernate: select options0_.quiz_id as quiz_id1_3_0_, options0_.options as options2_3_0_ from quiz_options options0_ where options0_.quiz_id=?
Hibernate: select options0_.quiz_id as quiz_id1_3_0_, options0_.options as options2_3_0_ from quiz_options options0_ where options0_.quiz_id=?
?[1;31m
Start test 18?[0m
?[1;31m
Start test 19?[0m
?[1;31m
Start test 20?[0m
?[1;31m
Start test 21?[0m
?[1;31m
Start test 22?[0m
?[1;31m
Start test 23?[0m
?[1;31m
Start test 24?[0m
?[1;31m
Start test 25?[0m
?[1;31m
Start test 26?[0m
Hibernate: select user0_.email as email1_4_0_, user0_.enabled as enabled2_4_0_, user0_.password as password3_4_0_, user0_.role as role4_4_0_ from user user0_ where user0_.email=?
?[1;31m
Start test 27?[0m
Hibernate: select user0_.email as email1_4_0_, user0_.enabled as enabled2_4_0_, user0_.password as password3_4_0_, user0_.role as role4_4_0_ from user user0_ where user0_.email=?
?[1;31m
Start test 28?[0m
Hibernate: select user0_.email as email1_4_0_, user0_.enabled as enabled2_4_0_, user0_.password as password3_4_0_, user0_.role as role4_4_0_ from user user0_ where user0_.email=?
?[1;31m
Start test 29?[0m
Hibernate: select user0_.email as email1_4_0_, user0_.enabled as enabled2_4_0_, user0_.password as password3_4_0_, user0_.role as role4_4_0_ from user user0_ where user0_.email=?
?[1;31m
Start test 30?[0m
Hibernate: select user0_.email as email1_4_0_, user0_.enabled as enabled2_4_0_, user0_.password as password3_4_0_, user0_.role as role4_4_0_ from user user0_ where user0_.email=?
?[1;31m
Start test 31?[0m
Hibernate: select user0_.email as email1_4_0_, user0_.enabled as enabled2_4_0_, user0_.password as password3_4_0_, user0_.role as role4_4_0_ from user user0_ where user0_.email=?
?[1;31m
Start test 32?[0m
Hibernate: select user0_.email as email1_4_0_, user0_.enabled as enabled2_4_0_, user0_.password as password3_4_0_, user0_.role as role4_4_0_ from user user0_ where user0_.email=?
?[1;31m
Start test 33?[0m
Hibernate: select user0_.email as email1_4_0_, user0_.enabled as enabled2_4_0_, user0_.password as password3_4_0_, user0_.role as role4_4_0_ from user user0_ where user0_.email=?
?[1;31m
Start test 34?[0m
Hibernate: select user0_.email as email1_4_0_, user0_.enabled as enabled2_4_0_, user0_.password as password3_4_0_, user0_.role as role4_4_0_ from user user0_ where user0_.email=?
Hibernate: select quiz0_.id as id1_1_0_, quiz0_.text as text2_1_0_, quiz0_.title as title3_1_0_, quiz0_.user_email as user_ema4_1_0_, user1_.email as email1_4_1_, user1_.enabled as enabled2_4_1_, user1_.password as password3_4_1_, user1_.role as role4_4_1_ from quiz quiz0_ left outer join user user1_ on quiz0_.user_email=user1_.email where quiz0_.id=?
Hibernate: select answer0_.quiz_id as quiz_id1_2_0_, answer0_.answer as answer2_2_0_ from quiz_answer answer0_ where answer0_.quiz_id=?
?[1;31m
Start test 35?[0m
Hibernate: select user0_.email as email1_4_0_, user0_.enabled as enabled2_4_0_, user0_.password as password3_4_0_, user0_.role as role4_4_0_ from user user0_ where user0_.email=?
Hibernate: select quiz0_.id as id1_1_0_, quiz0_.text as text2_1_0_, quiz0_.title as title3_1_0_, quiz0_.user_email as user_ema4_1_0_, user1_.email as email1_4_1_, user1_.enabled as enabled2_4_1_, user1_.password as password3_4_1_, user1_.role as role4_4_1_ from quiz quiz0_ left outer join user user1_ on quiz0_.user_email=user1_.email where quiz0_.id=?
Hibernate: select answer0_.quiz_id as quiz_id1_2_0_, answer0_.answer as answer2_2_0_ from quiz_answer answer0_ where answer0_.quiz_id=?
?[1;31m
Start test 36?[0m
Hibernate: select user0_.email as email1_4_0_, user0_.enabled as enabled2_4_0_, user0_.password as password3_4_0_, user0_.role as role4_4_0_ from user user0_ where user0_.email=?
Hibernate: select quiz0_.id as id1_1_0_, quiz0_.text as text2_1_0_, quiz0_.title as title3_1_0_, quiz0_.user_email as user_ema4_1_0_, user1_.email as email1_4_1_, user1_.enabled as enabled2_4_1_, user1_.password as password3_4_1_, user1_.role as role4_4_1_ from quiz quiz0_ left outer join user user1_ on quiz0_.user_email=user1_.email where quiz0_.id=?
Hibernate: select answer0_.quiz_id as quiz_id1_2_0_, answer0_.answer as answer2_2_0_ from quiz_answer answer0_ where answer0_.quiz_id=?
Hibernate: call next value for hibernate_sequence
Hibernate: select user_.email, user_.enabled as enabled2_4_, user_.password as password3_4_, user_.role as role4_4_ from user user_ where user_.email=?
Hibernate: insert into completion (completed_at, quiz_id, user_email, id) values (?, ?, ?, ?)
?[1;31m
Start test 37?[0m
Hibernate: select user0_.email as email1_4_0_, user0_.enabled as enabled2_4_0_, user0_.password as password3_4_0_, user0_.role as role4_4_0_ from user user0_ where user0_.email=?
Hibernate: select quiz0_.id as id1_1_0_, quiz0_.text as text2_1_0_, quiz0_.title as title3_1_0_, quiz0_.user_email as user_ema4_1_0_, user1_.email as email1_4_1_, user1_.enabled as enabled2_4_1_, user1_.password as password3_4_1_, user1_.role as role4_4_1_ from quiz quiz0_ left outer join user user1_ on quiz0_.user_email=user1_.email where quiz0_.id=?
Hibernate: select answer0_.quiz_id as quiz_id1_2_0_, answer0_.answer as answer2_2_0_ from quiz_answer answer0_ where answer0_.quiz_id=?
?[1;31m
Start test 38?[0m
Hibernate: select user0_.email as email1_4_0_, user0_.enabled as enabled2_4_0_, user0_.password as password3_4_0_, user0_.role as role4_4_0_ from user user0_ where user0_.email=?
Hibernate: select quiz0_.id as id1_1_0_, quiz0_.text as text2_1_0_, quiz0_.title as title3_1_0_, quiz0_.user_email as user_ema4_1_0_, user1_.email as email1_4_1_, user1_.enabled as enabled2_4_1_, user1_.password as password3_4_1_, user1_.role as role4_4_1_ from quiz quiz0_ left outer join user user1_ on quiz0_.user_email=user1_.email where quiz0_.id=?
Hibernate: select answer0_.quiz_id as quiz_id1_2_0_, answer0_.answer as answer2_2_0_ from quiz_answer answer0_ where answer0_.quiz_id=?
?[1;31m
Start test 39?[0m
Hibernate: select user0_.email as email1_4_0_, user0_.enabled as enabled2_4_0_, user0_.password as password3_4_0_, user0_.role as role4_4_0_ from user user0_ where user0_.email=?
Hibernate: select quiz0_.id as id1_1_0_, quiz0_.text as text2_1_0_, quiz0_.title as title3_1_0_, quiz0_.user_email as user_ema4_1_0_, user1_.email as email1_4_1_, user1_.enabled as enabled2_4_1_, user1_.password as password3_4_1_, user1_.role as role4_4_1_ from quiz quiz0_ left outer join user user1_ on quiz0_.user_email=user1_.email where quiz0_.id=?
Hibernate: select answer0_.quiz_id as quiz_id1_2_0_, answer0_.answer as answer2_2_0_ from quiz_answer answer0_ where answer0_.quiz_id=?
Hibernate: call next value for hibernate_sequence
Hibernate: select user_.email, user_.enabled as enabled2_4_, user_.password as password3_4_, user_.role as role4_4_ from user user_ where user_.email=?
Hibernate: insert into completion (completed_at, quiz_id, user_email, id) values (?, ?, ?, ?)
?[1;31m
Start test 40?[0m
Hibernate: select user0_.email as email1_4_0_, user0_.enabled as enabled2_4_0_, user0_.password as password3_4_0_, user0_.role as role4_4_0_ from user user0_ where user0_.email=?
Hibernate: select quiz0_.id as id1_1_0_, quiz0_.text as text2_1_0_, quiz0_.title as title3_1_0_, quiz0_.user_email as user_ema4_1_0_, user1_.email as email1_4_1_, user1_.enabled as enabled2_4_1_, user1_.password as password3_4_1_, user1_.role as role4_4_1_ from quiz quiz0_ left outer join user user1_ on quiz0_.user_email=user1_.email where quiz0_.id=?
Hibernate: select answer0_.quiz_id as quiz_id1_2_0_, answer0_.answer as answer2_2_0_ from quiz_answer answer0_ where answer0_.quiz_id=?
?[1;31m
Start test 41?[0m
Hibernate: select user0_.email as email1_4_0_, user0_.enabled as enabled2_4_0_, user0_.password as password3_4_0_, user0_.role as role4_4_0_ from user user0_ where user0_.email=?
Hibernate: select quiz0_.id as id1_1_0_, quiz0_.text as text2_1_0_, quiz0_.title as title3_1_0_, quiz0_.user_email as user_ema4_1_0_, user1_.email as email1_4_1_, user1_.enabled as enabled2_4_1_, user1_.password as password3_4_1_, user1_.role as role4_4_1_ from quiz quiz0_ left outer join user user1_ on quiz0_.user_email=user1_.email where quiz0_.id=?
Hibernate: select answer0_.quiz_id as quiz_id1_2_0_, answer0_.answer as answer2_2_0_ from quiz_answer answer0_ where answer0_.quiz_id=?
?[1;31m
Start test 42?[0m
Hibernate: select user0_.email as email1_4_0_, user0_.enabled as enabled2_4_0_, user0_.password as password3_4_0_, user0_.role as role4_4_0_ from user user0_ where user0_.email=?
Hibernate: select completion0_.id as id1_0_, completion0_.completed_at as complete2_0_, completion0_.quiz_id as quiz_id3_0_, completion0_.user_email as user_ema4_0_ from completion completion0_ where completion0_.user_email=? order by completion0_.completed_at desc limit ?
Hibernate: select user0_.email as email1_4_0_, user0_.enabled as enabled2_4_0_, user0_.password as password3_4_0_, user0_.role as role4_4_0_ from user user0_ where user0_.email=?
?[1;31m
Start test 43?[0m
Hibernate: select user0_.email as email1_4_0_, user0_.enabled as enabled2_4_0_, user0_.password as password3_4_0_, user0_.role as role4_4_0_ from user user0_ where user0_.email=?
Hibernate: select completion0_.id as id1_0_, completion0_.completed_at as complete2_0_, completion0_.quiz_id as quiz_id3_0_, completion0_.user_email as user_ema4_0_ from completion completion0_ where completion0_.user_email=? order by completion0_.completed_at desc limit ?
Hibernate: select user0_.email as email1_4_0_, user0_.enabled as enabled2_4_0_, user0_.password as password3_4_0_, user0_.role as role4_4_0_ from user user0_ where user0_.email=?
?[1;31m
Start test 44?[0m
Hibernate: select user0_.email as email1_4_0_, user0_.enabled as enabled2_4_0_, user0_.password as password3_4_0_, user0_.role as role4_4_0_ from user user0_ where user0_.email=?
Hibernate: select quiz0_.id as id1_1_, quiz0_.text as text2_1_, quiz0_.title as title3_1_, quiz0_.user_email as user_ema4_1_ from quiz quiz0_ order by quiz0_.id asc limit ?
Hibernate: select user0_.email as email1_4_0_, user0_.enabled as enabled2_4_0_, user0_.password as password3_4_0_, user0_.role as role4_4_0_ from user user0_ where user0_.email=?
Hibernate: select user0_.email as email1_4_0_, user0_.enabled as enabled2_4_0_, user0_.password as password3_4_0_, user0_.role as role4_4_0_ from user user0_ where user0_.email=?
Hibernate: select options0_.quiz_id as quiz_id1_3_0_, options0_.options as options2_3_0_ from quiz_options options0_ where options0_.quiz_id=?
Hibernate: select options0_.quiz_id as quiz_id1_3_0_, options0_.options as options2_3_0_ from quiz_options options0_ where options0_.quiz_id=?
?[1;31m
Start test 45?[0m
Hibernate: select user0_.email as email1_4_0_, user0_.enabled as enabled2_4_0_, user0_.password as password3_4_0_, user0_.role as role4_4_0_ from user user0_ where user0_.email=?
Hibernate: select quiz0_.id as id1_1_, quiz0_.text as text2_1_, quiz0_.title as title3_1_, quiz0_.user_email as user_ema4_1_ from quiz quiz0_ order by quiz0_.id asc limit ?
Hibernate: select user0_.email as email1_4_0_, user0_.enabled as enabled2_4_0_, user0_.password as password3_4_0_, user0_.role as role4_4_0_ from user user0_ where user0_.email=?
Hibernate: select user0_.email as email1_4_0_, user0_.enabled as enabled2_4_0_, user0_.password as password3_4_0_, user0_.role as role4_4_0_ from user user0_ where user0_.email=?
Hibernate: select options0_.quiz_id as quiz_id1_3_0_, options0_.options as options2_3_0_ from quiz_options options0_ where options0_.quiz_id=?
Hibernate: select options0_.quiz_id as quiz_id1_3_0_, options0_.options as options2_3_0_ from quiz_options options0_ where options0_.quiz_id=?
?[1;31m
Start test 46?[0m
2021-05-14 13:55:17.754  INFO 12928 --- [       Thread-6] o.s.s.concurrent.ThreadPoolTaskExecutor  : Shutting down ExecutorService 'applicationTaskExecutor'
2021-05-14 13:55:17.758  INFO 12928 --- [       Thread-6] j.LocalContainerEntityManagerFactoryBean : Closing JPA EntityManagerFactory for persistence unit 'default'
2021-05-14 13:55:17.761  INFO 12928 --- [       Thread-6] com.zaxxer.hikari.HikariDataSource       : HikariPool-1 - Shutdown initiated...
2021-05-14 13:55:17.816  INFO 12928 --- [       Thread-6] com.zaxxer.hikari.HikariDataSource       : HikariPool-1 - Shutdown completed.

  .   ____          _            __ _ _
 /\\ / ___'_ __ _ _(_)_ __  __ _ \ \ \ \
( ( )\___ | '_ | '_| | '_ \/ _` | \ \ \ \
 \\/  ___)| |_)| | | | | || (_| |  ) ) ) )
  '  |____| .__|_| |_|_| |_\__, | / / / /
 =========|_|==============|___/=/_/_/_/
 :: Spring Boot ::        (v2.2.2.RELEASE)

2021-05-14 13:55:18.011  INFO 12928 --- [    Test worker] engine.WebQuizEngine                     : Starting WebQuizEngine on DESKTOP-FFBRE31 with PID 12928 (started by I love Nastia in C:\Projects\Web Quiz Engine\Web Quiz Engine\task)
2021-05-14 13:55:18.011  INFO 12928 --- [    Test worker] engine.WebQuizEngine                     : No active profile set, falling back to default profiles: default
2021-05-14 13:55:18.207  INFO 12928 --- [    Test worker] .s.d.r.c.RepositoryConfigurationDelegate : Bootstrapping Spring Data JPA repositories in DEFAULT mode.
2021-05-14 13:55:18.217  INFO 12928 --- [    Test worker] .s.d.r.c.RepositoryConfigurationDelegate : Finished Spring Data repository scanning in 10ms. Found 3 JPA repository interfaces.
2021-05-14 13:55:18.256  INFO 12928 --- [    Test worker] trationDelegate$BeanPostProcessorChecker : Bean 'org.springframework.transaction.annotation.ProxyTransactionManagementConfiguration' of type [org.springframework.transaction.annotation.ProxyTransactionManagementConfiguration] is not eligible for getting processed by all BeanPostProcessors (for example: not eligible for auto-proxying)
2021-05-14 13:55:18.277  WARN 12928 --- [    Test worker] org.apache.tomcat.util.modeler.Registry  : The MBean registry cannot be disabled because it has already been initialised
2021-05-14 13:55:18.281  INFO 12928 --- [    Test worker] o.s.b.w.embedded.tomcat.TomcatWebServer  : Tomcat initialized with port(s): 8888 (http)
2021-05-14 13:55:18.282  INFO 12928 --- [    Test worker] o.apache.catalina.core.StandardService   : Starting service [Tomcat]
2021-05-14 13:55:18.282  INFO 12928 --- [    Test worker] org.apache.catalina.core.StandardEngine  : Starting Servlet engine: [Apache Tomcat/9.0.29]
2021-05-14 13:55:18.310  INFO 12928 --- [    Test worker] o.a.c.c.C.[Tomcat].[localhost].[/]       : Initializing Spring embedded WebApplicationContext
2021-05-14 13:55:18.310  INFO 12928 --- [    Test worker] o.s.web.context.ContextLoader            : Root WebApplicationContext: initialization completed in 297 ms
2021-05-14 13:55:18.341  INFO 12928 --- [    Test worker] com.zaxxer.hikari.HikariDataSource       : HikariPool-2 - Starting...
2021-05-14 13:55:18.349  INFO 12928 --- [    Test worker] com.zaxxer.hikari.HikariDataSource       : HikariPool-2 - Start completed.
2021-05-14 13:55:18.350  INFO 12928 --- [    Test worker] o.s.b.a.h2.H2ConsoleAutoConfiguration    : H2 console available at '/h2-console'. Database available at 'jdbc:h2:file:../quizdb'
2021-05-14 13:55:18.406  INFO 12928 --- [    Test worker] o.hibernate.jpa.internal.util.LogHelper  : HHH000204: Processing PersistenceUnitInfo [name: default]
2021-05-14 13:55:18.412  INFO 12928 --- [    Test worker] org.hibernate.dialect.Dialect            : HHH000400: Using dialect: org.hibernate.dialect.H2Dialect
2021-05-14 13:55:18.500  INFO 12928 --- [    Test worker] o.h.e.t.j.p.i.JtaPlatformInitiator       : HHH000490: Using JtaPlatform implementation: [org.hibernate.engine.transaction.jta.platform.internal.NoJtaPlatform]
2021-05-14 13:55:18.500  INFO 12928 --- [    Test worker] j.LocalContainerEntityManagerFactoryBean : Initialized JPA EntityManagerFactory for persistence unit 'default'
2021-05-14 13:55:18.520  WARN 12928 --- [    Test worker] JpaBaseConfiguration$JpaWebConfiguration : spring.jpa.open-in-view is enabled by default. Therefore, database queries may be performed during view rendering. Explicitly configure spring.jpa.open-in-view to disable this warning
2021-05-14 13:55:18.578  INFO 12928 --- [    Test worker] o.s.s.web.DefaultSecurityFilterChain     : Creating filter chain: any request, [org.springframework.security.web.context.request.async.WebAsyncManagerIntegrationFilter@388f5163, org.springframework.security.web.context.SecurityContextPersistenceFilter@2177bbd5, org.springframework.security.web.header.HeaderWriterFilter@36f503eb, org.springframework.security.web.authentication.logout.LogoutFilter@5e96b334, org.springframework.security.web.authentication.www.BasicAuthenticationFilter@19e163c9, org.springframework.security.web.savedrequest.RequestCacheAwareFilter@316ecbc4, org.springframework.security.web.servletapi.SecurityContextHolderAwareRequestFilter@2f9a7c59, org.springframework.security.web.authentication.AnonymousAuthenticationFilter@45a40490, org.springframework.security.web.session.SessionManagementFilter@64b12cb0, org.springframework.security.web.access.ExceptionTranslationFilter@2b677dd2, org.springframework.security.web.access.intercept.FilterSecurityInterceptor@ed59bbd]
2021-05-14 13:55:18.610  INFO 12928 --- [    Test worker] o.s.s.concurrent.ThreadPoolTaskExecutor  : Initializing ExecutorService 'applicationTaskExecutor'
2021-05-14 13:55:18.677  INFO 12928 --- [    Test worker] o.s.b.a.e.web.EndpointLinksResolver      : Exposing 14 endpoint(s) beneath base path '/actuator'
2021-05-14 13:55:18.693  INFO 12928 --- [    Test worker] o.s.b.w.embedded.tomcat.TomcatWebServer  : Tomcat started on port(s): 8888 (http) with context path ''
2021-05-14 13:55:18.694  INFO 12928 --- [    Test worker] engine.WebQuizEngine                     : Started WebQuizEngine in 0.705 seconds (JVM running for 10.018)
?[1;31m
Start test 47?[0m
2021-05-14 13:55:18.699  INFO 12928 --- [nio-8888-exec-1] o.a.c.c.C.[Tomcat].[localhost].[/]       : Initializing Spring DispatcherServlet 'dispatcherServlet'
2021-05-14 13:55:18.700  INFO 12928 --- [nio-8888-exec-1] o.s.web.servlet.DispatcherServlet        : Initializing Servlet 'dispatcherServlet'
2021-05-14 13:55:18.703  INFO 12928 --- [nio-8888-exec-1] o.s.web.servlet.DispatcherServlet        : Completed initialization in 3 ms
Hibernate: select user0_.email as email1_4_0_, user0_.enabled as enabled2_4_0_, user0_.password as password3_4_0_, user0_.role as role4_4_0_ from user user0_ where user0_.email=?
Hibernate: select quiz0_.id as id1_1_, quiz0_.text as text2_1_, quiz0_.title as title3_1_, quiz0_.user_email as user_ema4_1_ from quiz quiz0_ order by quiz0_.id asc limit ?
Hibernate: select user0_.email as email1_4_0_, user0_.enabled as enabled2_4_0_, user0_.password as password3_4_0_, user0_.role as role4_4_0_ from user user0_ where user0_.email=?
Hibernate: select user0_.email as email1_4_0_, user0_.enabled as enabled2_4_0_, user0_.password as password3_4_0_, user0_.role as role4_4_0_ from user user0_ where user0_.email=?
Hibernate: select options0_.quiz_id as quiz_id1_3_0_, options0_.options as options2_3_0_ from quiz_options options0_ where options0_.quiz_id=?
Hibernate: select options0_.quiz_id as quiz_id1_3_0_, options0_.options as options2_3_0_ from quiz_options options0_ where options0_.quiz_id=?
?[1;31m
Start test 48?[0m
Hibernate: select user0_.email as email1_4_0_, user0_.enabled as enabled2_4_0_, user0_.password as password3_4_0_, user0_.role as role4_4_0_ from user user0_ where user0_.email=?
Hibernate: select quiz0_.id as id1_1_, quiz0_.text as text2_1_, quiz0_.title as title3_1_, quiz0_.user_email as user_ema4_1_ from quiz quiz0_ order by quiz0_.id asc limit ?
Hibernate: select user0_.email as email1_4_0_, user0_.enabled as enabled2_4_0_, user0_.password as password3_4_0_, user0_.role as role4_4_0_ from user user0_ where user0_.email=?
Hibernate: select user0_.email as email1_4_0_, user0_.enabled as enabled2_4_0_, user0_.password as password3_4_0_, user0_.role as role4_4_0_ from user user0_ where user0_.email=?
Hibernate: select options0_.quiz_id as quiz_id1_3_0_, options0_.options as options2_3_0_ from quiz_options options0_ where options0_.quiz_id=?
Hibernate: select options0_.quiz_id as quiz_id1_3_0_, options0_.options as options2_3_0_ from quiz_options options0_ where options0_.quiz_id=?
?[1;31m
Start test 49?[0m
Hibernate: select user0_.email as email1_4_0_, user0_.enabled as enabled2_4_0_, user0_.password as password3_4_0_, user0_.role as role4_4_0_ from user user0_ where user0_.email=?
Hibernate: select quiz0_.id as id1_1_0_, quiz0_.text as text2_1_0_, quiz0_.title as title3_1_0_, quiz0_.user_email as user_ema4_1_0_, user1_.email as email1_4_1_, user1_.enabled as enabled2_4_1_, user1_.password as password3_4_1_, user1_.role as role4_4_1_ from quiz quiz0_ left outer join user user1_ on quiz0_.user_email=user1_.email where quiz0_.id=?
Hibernate: select answer0_.quiz_id as quiz_id1_2_0_, answer0_.answer as answer2_2_0_ from quiz_answer answer0_ where answer0_.quiz_id=?
Hibernate: call next value for hibernate_sequence
Hibernate: select user_.email, user_.enabled as enabled2_4_, user_.password as password3_4_, user_.role as role4_4_ from user user_ where user_.email=?
Hibernate: insert into completion (completed_at, quiz_id, user_email, id) values (?, ?, ?, ?)
?[1;31m
Start test 50?[0m
Hibernate: select user0_.email as email1_4_0_, user0_.enabled as enabled2_4_0_, user0_.password as password3_4_0_, user0_.role as role4_4_0_ from user user0_ where user0_.email=?
Hibernate: select quiz0_.id as id1_1_0_, quiz0_.text as text2_1_0_, quiz0_.title as title3_1_0_, quiz0_.user_email as user_ema4_1_0_, user1_.email as email1_4_1_, user1_.enabled as enabled2_4_1_, user1_.password as password3_4_1_, user1_.role as role4_4_1_ from quiz quiz0_ left outer join user user1_ on quiz0_.user_email=user1_.email where quiz0_.id=?
Hibernate: select answer0_.quiz_id as quiz_id1_2_0_, answer0_.answer as answer2_2_0_ from quiz_answer answer0_ where answer0_.quiz_id=?
?[1;31m
Start test 51?[0m
Hibernate: select user0_.email as email1_4_0_, user0_.enabled as enabled2_4_0_, user0_.password as password3_4_0_, user0_.role as role4_4_0_ from user user0_ where user0_.email=?
Hibernate: select quiz0_.id as id1_1_0_, quiz0_.text as text2_1_0_, quiz0_.title as title3_1_0_, quiz0_.user_email as user_ema4_1_0_, user1_.email as email1_4_1_, user1_.enabled as enabled2_4_1_, user1_.password as password3_4_1_, user1_.role as role4_4_1_ from quiz quiz0_ left outer join user user1_ on quiz0_.user_email=user1_.email where quiz0_.id=?
Hibernate: select answer0_.quiz_id as quiz_id1_2_0_, answer0_.answer as answer2_2_0_ from quiz_answer answer0_ where answer0_.quiz_id=?
?[1;31m
Start test 52?[0m
Hibernate: select user0_.email as email1_4_0_, user0_.enabled as enabled2_4_0_, user0_.password as password3_4_0_, user0_.role as role4_4_0_ from user user0_ where user0_.email=?
Hibernate: select quiz0_.id as id1_1_0_, quiz0_.text as text2_1_0_, quiz0_.title as title3_1_0_, quiz0_.user_email as user_ema4_1_0_, user1_.email as email1_4_1_, user1_.enabled as enabled2_4_1_, user1_.password as password3_4_1_, user1_.role as role4_4_1_ from quiz quiz0_ left outer join user user1_ on quiz0_.user_email=user1_.email where quiz0_.id=?
Hibernate: select answer0_.quiz_id as quiz_id1_2_0_, answer0_.answer as answer2_2_0_ from quiz_answer answer0_ where answer0_.quiz_id=?
Hibernate: call next value for hibernate_sequence
Hibernate: select user_.email, user_.enabled as enabled2_4_, user_.password as password3_4_, user_.role as role4_4_ from user user_ where user_.email=?
Hibernate: insert into completion (completed_at, quiz_id, user_email, id) values (?, ?, ?, ?)
?[1;31m
Start test 53?[0m
Hibernate: select user0_.email as email1_4_0_, user0_.enabled as enabled2_4_0_, user0_.password as password3_4_0_, user0_.role as role4_4_0_ from user user0_ where user0_.email=?
Hibernate: select completion0_.id as id1_0_, completion0_.completed_at as complete2_0_, completion0_.quiz_id as quiz_id3_0_, completion0_.user_email as user_ema4_0_ from completion completion0_ where completion0_.user_email=? order by completion0_.completed_at desc limit ?
Hibernate: select user0_.email as email1_4_0_, user0_.enabled as enabled2_4_0_, user0_.password as password3_4_0_, user0_.role as role4_4_0_ from user user0_ where user0_.email=?
?[1;31m
Start test 54?[0m
Hibernate: select user0_.email as email1_4_0_, user0_.enabled as enabled2_4_0_, user0_.password as password3_4_0_, user0_.role as role4_4_0_ from user user0_ where user0_.email=?
Hibernate: select completion0_.id as id1_0_, completion0_.completed_at as complete2_0_, completion0_.quiz_id as quiz_id3_0_, completion0_.user_email as user_ema4_0_ from completion completion0_ where completion0_.user_email=? order by completion0_.completed_at desc limit ?
Hibernate: select user0_.email as email1_4_0_, user0_.enabled as enabled2_4_0_, user0_.password as password3_4_0_, user0_.role as role4_4_0_ from user user0_ where user0_.email=?
?[1;31m
Start test 55?[0m
Hibernate: select user0_.email as email1_4_0_, user0_.enabled as enabled2_4_0_, user0_.password as password3_4_0_, user0_.role as role4_4_0_ from user user0_ where user0_.email=?
Hibernate: select completion0_.id as id1_0_, completion0_.completed_at as complete2_0_, completion0_.quiz_id as quiz_id3_0_, completion0_.user_email as user_ema4_0_ from completion completion0_ where completion0_.user_email=? order by completion0_.completed_at desc limit ?
Hibernate: select user0_.email as email1_4_0_, user0_.enabled as enabled2_4_0_, user0_.password as password3_4_0_, user0_.role as role4_4_0_ from user user0_ where user0_.email=?
?[1;31m
Start test 56?[0m
Hibernate: select user0_.email as email1_4_0_, user0_.enabled as enabled2_4_0_, user0_.password as password3_4_0_, user0_.role as role4_4_0_ from user user0_ where user0_.email=?
Hibernate: select completion0_.id as id1_0_, completion0_.completed_at as complete2_0_, completion0_.quiz_id as quiz_id3_0_, completion0_.user_email as user_ema4_0_ from completion completion0_ where completion0_.user_email=? order by completion0_.completed_at desc limit ?
Hibernate: select user0_.email as email1_4_0_, user0_.enabled as enabled2_4_0_, user0_.password as password3_4_0_, user0_.role as role4_4_0_ from user user0_ where user0_.email=?
?[1;31m
Start test 57?[0m
Hibernate: select user0_.email as email1_4_0_, user0_.enabled as enabled2_4_0_, user0_.password as password3_4_0_, user0_.role as role4_4_0_ from user user0_ where user0_.email=?
2021-05-14 13:55:19.564  WARN 12928 --- [nio-8888-exec-1] .w.s.m.s.DefaultHandlerExceptionResolver : Resolved [org.springframework.http.converter.HttpMessageNotReadableException: JSON parse error: Unexpected character ('"' (code 34)): was expecting comma to separate Object entries; nested exception is com.fasterxml.jackson.core.JsonParseException: Unexpected character ('"' (code 34)): was expecting comma to separate Object entries
 at [Source: (PushbackInputStream); line: 4, column: 4]]
?[1;31m
Start test 58?[0m
Hibernate: select user0_.email as email1_4_0_, user0_.enabled as enabled2_4_0_, user0_.password as password3_4_0_, user0_.role as role4_4_0_ from user user0_ where user0_.email=?
2021-05-14 13:55:19.633  WARN 12928 --- [nio-8888-exec-3] .w.s.m.s.DefaultHandlerExceptionResolver : Resolved [org.springframework.http.converter.HttpMessageNotReadableException: JSON parse error: Unexpected character ('"' (code 34)): was expecting comma to separate Object entries; nested exception is com.fasterxml.jackson.core.JsonParseException: Unexpected character ('"' (code 34)): was expecting comma to separate Object entries
 at [Source: (PushbackInputStream); line: 5, column: 4]]
?[1;31m
Start test 59?[0m
Hibernate: select user0_.email as email1_4_0_, user0_.enabled as enabled2_4_0_, user0_.password as password3_4_0_, user0_.role as role4_4_0_ from user user0_ where user0_.email=?
2021-05-14 13:55:19.701  WARN 12928 --- [nio-8888-exec-2] .w.s.m.s.DefaultHandlerExceptionResolver : Resolved [org.springframework.http.converter.HttpMessageNotReadableException: JSON parse error: Unexpected character ('"' (code 34)): was expecting comma to separate Object entries; nested exception is com.fasterxml.jackson.core.JsonParseException: Unexpected character ('"' (code 34)): was expecting comma to separate Object entries
 at [Source: (PushbackInputStream); line: 4, column: 4]]
?[1;31m
Start test 60?[0m
Hibernate: select user0_.email as email1_4_0_, user0_.enabled as enabled2_4_0_, user0_.password as password3_4_0_, user0_.role as role4_4_0_ from user user0_ where user0_.email=?
2021-05-14 13:55:19.767  WARN 12928 --- [nio-8888-exec-6] .w.s.m.s.DefaultHandlerExceptionResolver : Resolved [org.springframework.http.converter.HttpMessageNotReadableException: JSON parse error: Unexpected character ('"' (code 34)): was expecting comma to separate Object entries; nested exception is com.fasterxml.jackson.core.JsonParseException: Unexpected character ('"' (code 34)): was expecting comma to separate Object entries
 at [Source: (PushbackInputStream); line: 5, column: 4]]
?[1;31m
Start test 61?[0m
Hibernate: select user0_.email as email1_4_0_, user0_.enabled as enabled2_4_0_, user0_.password as password3_4_0_, user0_.role as role4_4_0_ from user user0_ where user0_.email=?
2021-05-14 13:55:19.841  WARN 12928 --- [nio-8888-exec-5] .w.s.m.s.DefaultHandlerExceptionResolver : Resolved [org.springframework.web.bind.MethodArgumentNotValidException: Validation failed for argument [0] in public engine.model.Quiz engine.controller.QuizController.createQuiz(engine.model.Quiz,org.springframework.security.core.Authentication): [Field error in object 'quiz' on field 'options': rejected value [null]; codes [NotNull.quiz.options,NotNull.options,NotNull.java.util.List,NotNull]; arguments [org.springframework.context.support.DefaultMessageSourceResolvable: codes [quiz.options,options]; arguments []; default message [options]]; default message [The setting 'options' must not be empty ]] ]
?[1;31m
Start test 62?[0m
Hibernate: select user0_.email as email1_4_0_, user0_.enabled as enabled2_4_0_, user0_.password as password3_4_0_, user0_.role as role4_4_0_ from user user0_ where user0_.email=?
2021-05-14 13:55:19.911  WARN 12928 --- [nio-8888-exec-4] .w.s.m.s.DefaultHandlerExceptionResolver : Resolved [org.springframework.http.converter.HttpMessageNotReadableException: JSON parse error: Unexpected character ('"' (code 34)): was expecting comma to separate Object entries; nested exception is com.fasterxml.jackson.core.JsonParseException: Unexpected character ('"' (code 34)): was expecting comma to separate Object entries
 at [Source: (PushbackInputStream); line: 5, column: 4]]
?[1;31m
Start test 63?[0m
Hibernate: select user0_.email as email1_4_0_, user0_.enabled as enabled2_4_0_, user0_.password as password3_4_0_, user0_.role as role4_4_0_ from user user0_ where user0_.email=?
2021-05-14 13:55:19.979  WARN 12928 --- [nio-8888-exec-9] .w.s.m.s.DefaultHandlerExceptionResolver : Resolved [org.springframework.http.converter.HttpMessageNotReadableException: JSON parse error: Unexpected character ('"' (code 34)): was expecting comma to separate Object entries; nested exception is com.fasterxml.jackson.core.JsonParseException: Unexpected character ('"' (code 34)): was expecting comma to separate Object entries
 at [Source: (PushbackInputStream); line: 5, column: 4]]
?[1;31m
Start test 64?[0m
Hibernate: select user0_.email as email1_4_0_, user0_.enabled as enabled2_4_0_, user0_.password as password3_4_0_, user0_.role as role4_4_0_ from user user0_ where user0_.email=?
Hibernate: call next value for hibernate_sequence
Hibernate: select user_.email, user_.enabled as enabled2_4_, user_.password as password3_4_, user_.role as role4_4_ from user user_ where user_.email=?
Hibernate: insert into quiz (text, title, user_email, id) values (?, ?, ?, ?)
Hibernate: insert into quiz_answer (quiz_id, answer) values (?, ?)
Hibernate: insert into quiz_answer (quiz_id, answer) values (?, ?)
Hibernate: insert into quiz_options (quiz_id, options) values (?, ?)
Hibernate: insert into quiz_options (quiz_id, options) values (?, ?)
Hibernate: insert into quiz_options (quiz_id, options) values (?, ?)
Hibernate: insert into quiz_options (quiz_id, options) values (?, ?)
?[1;31m
Start test 65?[0m
Hibernate: select user0_.email as email1_4_0_, user0_.enabled as enabled2_4_0_, user0_.password as password3_4_0_, user0_.role as role4_4_0_ from user user0_ where user0_.email=?
Hibernate: select quiz0_.id as id1_1_0_, quiz0_.text as text2_1_0_, quiz0_.title as title3_1_0_, quiz0_.user_email as user_ema4_1_0_, user1_.email as email1_4_1_, user1_.enabled as enabled2_4_1_, user1_.password as password3_4_1_, user1_.role as role4_4_1_ from quiz quiz0_ left outer join user user1_ on quiz0_.user_email=user1_.email where quiz0_.id=?
Hibernate: select options0_.quiz_id as quiz_id1_3_0_, options0_.options as options2_3_0_ from quiz_options options0_ where options0_.quiz_id=?
?[1;31m
Start test 66?[0m
Hibernate: select user0_.email as email1_4_0_, user0_.enabled as enabled2_4_0_, user0_.password as password3_4_0_, user0_.role as role4_4_0_ from user user0_ where user0_.email=?
Hibernate: select quiz0_.id as id1_1_0_, quiz0_.text as text2_1_0_, quiz0_.title as title3_1_0_, quiz0_.user_email as user_ema4_1_0_, user1_.email as email1_4_1_, user1_.enabled as enabled2_4_1_, user1_.password as password3_4_1_, user1_.role as role4_4_1_ from quiz quiz0_ left outer join user user1_ on quiz0_.user_email=user1_.email where quiz0_.id=?
?[1;31m
Start test 67?[0m
Hibernate: select user0_.email as email1_4_0_, user0_.enabled as enabled2_4_0_, user0_.password as password3_4_0_, user0_.role as role4_4_0_ from user user0_ where user0_.email=?
Hibernate: select quiz0_.id as id1_1_0_, quiz0_.text as text2_1_0_, quiz0_.title as title3_1_0_, quiz0_.user_email as user_ema4_1_0_, user1_.email as email1_4_1_, user1_.enabled as enabled2_4_1_, user1_.password as password3_4_1_, user1_.role as role4_4_1_ from quiz quiz0_ left outer join user user1_ on quiz0_.user_email=user1_.email where quiz0_.id=?
Hibernate: select answer0_.quiz_id as quiz_id1_2_0_, answer0_.answer as answer2_2_0_ from quiz_answer answer0_ where answer0_.quiz_id=?
?[1;31m
Start test 68?[0m
Hibernate: select user0_.email as email1_4_0_, user0_.enabled as enabled2_4_0_, user0_.password as password3_4_0_, user0_.role as role4_4_0_ from user user0_ where user0_.email=?
Hibernate: select quiz0_.id as id1_1_0_, quiz0_.text as text2_1_0_, quiz0_.title as title3_1_0_, quiz0_.user_email as user_ema4_1_0_, user1_.email as email1_4_1_, user1_.enabled as enabled2_4_1_, user1_.password as password3_4_1_, user1_.role as role4_4_1_ from quiz quiz0_ left outer join user user1_ on quiz0_.user_email=user1_.email where quiz0_.id=?
Hibernate: select answer0_.quiz_id as quiz_id1_2_0_, answer0_.answer as answer2_2_0_ from quiz_answer answer0_ where answer0_.quiz_id=?
?[1;31m
Start test 69?[0m
Hibernate: select user0_.email as email1_4_0_, user0_.enabled as enabled2_4_0_, user0_.password as password3_4_0_, user0_.role as role4_4_0_ from user user0_ where user0_.email=?
Hibernate: select quiz0_.id as id1_1_0_, quiz0_.text as text2_1_0_, quiz0_.title as title3_1_0_, quiz0_.user_email as user_ema4_1_0_, user1_.email as email1_4_1_, user1_.enabled as enabled2_4_1_, user1_.password as password3_4_1_, user1_.role as role4_4_1_ from quiz quiz0_ left outer join user user1_ on quiz0_.user_email=user1_.email where quiz0_.id=?
Hibernate: select answer0_.quiz_id as quiz_id1_2_0_, answer0_.answer as answer2_2_0_ from quiz_answer answer0_ where answer0_.quiz_id=?
?[1;31m
Start test 70?[0m
Hibernate: select user0_.email as email1_4_0_, user0_.enabled as enabled2_4_0_, user0_.password as password3_4_0_, user0_.role as role4_4_0_ from user user0_ where user0_.email=?
Hibernate: select quiz0_.id as id1_1_0_, quiz0_.text as text2_1_0_, quiz0_.title as title3_1_0_, quiz0_.user_email as user_ema4_1_0_, user1_.email as email1_4_1_, user1_.enabled as enabled2_4_1_, user1_.password as password3_4_1_, user1_.role as role4_4_1_ from quiz quiz0_ left outer join user user1_ on quiz0_.user_email=user1_.email where quiz0_.id=?
Hibernate: select answer0_.quiz_id as quiz_id1_2_0_, answer0_.answer as answer2_2_0_ from quiz_answer answer0_ where answer0_.quiz_id=?
?[1;31m
Start test 71?[0m
Hibernate: select user0_.email as email1_4_0_, user0_.enabled as enabled2_4_0_, user0_.password as password3_4_0_, user0_.role as role4_4_0_ from user user0_ where user0_.email=?
Hibernate: select quiz0_.id as id1_1_0_, quiz0_.text as text2_1_0_, quiz0_.title as title3_1_0_, quiz0_.user_email as user_ema4_1_0_, user1_.email as email1_4_1_, user1_.enabled as enabled2_4_1_, user1_.password as password3_4_1_, user1_.role as role4_4_1_ from quiz quiz0_ left outer join user user1_ on quiz0_.user_email=user1_.email where quiz0_.id=?
Hibernate: select answer0_.quiz_id as quiz_id1_2_0_, answer0_.answer as answer2_2_0_ from quiz_answer answer0_ where answer0_.quiz_id=?
?[1;31m
Start test 72?[0m
Hibernate: select user0_.email as email1_4_0_, user0_.enabled as enabled2_4_0_, user0_.password as password3_4_0_, user0_.role as role4_4_0_ from user user0_ where user0_.email=?
Hibernate: select quiz0_.id as id1_1_0_, quiz0_.text as text2_1_0_, quiz0_.title as title3_1_0_, quiz0_.user_email as user_ema4_1_0_, user1_.email as email1_4_1_, user1_.enabled as enabled2_4_1_, user1_.password as password3_4_1_, user1_.role as role4_4_1_ from quiz quiz0_ left outer join user user1_ on quiz0_.user_email=user1_.email where quiz0_.id=?
Hibernate: select answer0_.quiz_id as quiz_id1_2_0_, answer0_.answer as answer2_2_0_ from quiz_answer answer0_ where answer0_.quiz_id=?
Hibernate: call next value for hibernate_sequence
Hibernate: select user_.email, user_.enabled as enabled2_4_, user_.password as password3_4_, user_.role as role4_4_ from user user_ where user_.email=?
Hibernate: insert into completion (completed_at, quiz_id, user_email, id) values (?, ?, ?, ?)
?[1;31m
Start test 73?[0m
Hibernate: select user0_.email as email1_4_0_, user0_.enabled as enabled2_4_0_, user0_.password as password3_4_0_, user0_.role as role4_4_0_ from user user0_ where user0_.email=?
Hibernate: select quiz0_.id as id1_1_0_, quiz0_.text as text2_1_0_, quiz0_.title as title3_1_0_, quiz0_.user_email as user_ema4_1_0_, user1_.email as email1_4_1_, user1_.enabled as enabled2_4_1_, user1_.password as password3_4_1_, user1_.role as role4_4_1_ from quiz quiz0_ left outer join user user1_ on quiz0_.user_email=user1_.email where quiz0_.id=?
Hibernate: select answer0_.quiz_id as quiz_id1_2_0_, answer0_.answer as answer2_2_0_ from quiz_answer answer0_ where answer0_.quiz_id=?
?[1;31m
Start test 74?[0m
Hibernate: select user0_.email as email1_4_0_, user0_.enabled as enabled2_4_0_, user0_.password as password3_4_0_, user0_.role as role4_4_0_ from user user0_ where user0_.email=?
Hibernate: select quiz0_.id as id1_1_0_, quiz0_.text as text2_1_0_, quiz0_.title as title3_1_0_, quiz0_.user_email as user_ema4_1_0_, user1_.email as email1_4_1_, user1_.enabled as enabled2_4_1_, user1_.password as password3_4_1_, user1_.role as role4_4_1_ from quiz quiz0_ left outer join user user1_ on quiz0_.user_email=user1_.email where quiz0_.id=?
Hibernate: select answer0_.quiz_id as quiz_id1_2_0_, answer0_.answer as answer2_2_0_ from quiz_answer answer0_ where answer0_.quiz_id=?
?[1;31m
Start test 75?[0m
Hibernate: select user0_.email as email1_4_0_, user0_.enabled as enabled2_4_0_, user0_.password as password3_4_0_, user0_.role as role4_4_0_ from user user0_ where user0_.email=?
Hibernate: select quiz0_.id as id1_1_0_, quiz0_.text as text2_1_0_, quiz0_.title as title3_1_0_, quiz0_.user_email as user_ema4_1_0_, user1_.email as email1_4_1_, user1_.enabled as enabled2_4_1_, user1_.password as password3_4_1_, user1_.role as role4_4_1_ from quiz quiz0_ left outer join user user1_ on quiz0_.user_email=user1_.email where quiz0_.id=?
Hibernate: select answer0_.quiz_id as quiz_id1_2_0_, answer0_.answer as answer2_2_0_ from quiz_answer answer0_ where answer0_.quiz_id=?
?[1;31m
Start test 76?[0m
Hibernate: select user0_.email as email1_4_0_, user0_.enabled as enabled2_4_0_, user0_.password as password3_4_0_, user0_.role as role4_4_0_ from user user0_ where user0_.email=?
Hibernate: select quiz0_.id as id1_1_0_, quiz0_.text as text2_1_0_, quiz0_.title as title3_1_0_, quiz0_.user_email as user_ema4_1_0_, user1_.email as email1_4_1_, user1_.enabled as enabled2_4_1_, user1_.password as password3_4_1_, user1_.role as role4_4_1_ from quiz quiz0_ left outer join user user1_ on quiz0_.user_email=user1_.email where quiz0_.id=?
Hibernate: select answer0_.quiz_id as quiz_id1_2_0_, answer0_.answer as answer2_2_0_ from quiz_answer answer0_ where answer0_.quiz_id=?
?[1;31m
Start test 77?[0m
Hibernate: select user0_.email as email1_4_0_, user0_.enabled as enabled2_4_0_, user0_.password as password3_4_0_, user0_.role as role4_4_0_ from user user0_ where user0_.email=?
Hibernate: select quiz0_.id as id1_1_0_, quiz0_.text as text2_1_0_, quiz0_.title as title3_1_0_, quiz0_.user_email as user_ema4_1_0_, user1_.email as email1_4_1_, user1_.enabled as enabled2_4_1_, user1_.password as password3_4_1_, user1_.role as role4_4_1_ from quiz quiz0_ left outer join user user1_ on quiz0_.user_email=user1_.email where quiz0_.id=?
Hibernate: select answer0_.quiz_id as quiz_id1_2_0_, answer0_.answer as answer2_2_0_ from quiz_answer answer0_ where answer0_.quiz_id=?
?[1;31m
Start test 78?[0m
Hibernate: select user0_.email as email1_4_0_, user0_.enabled as enabled2_4_0_, user0_.password as password3_4_0_, user0_.role as role4_4_0_ from user user0_ where user0_.email=?
Hibernate: select quiz0_.id as id1_1_0_, quiz0_.text as text2_1_0_, quiz0_.title as title3_1_0_, quiz0_.user_email as user_ema4_1_0_, user1_.email as email1_4_1_, user1_.enabled as enabled2_4_1_, user1_.password as password3_4_1_, user1_.role as role4_4_1_ from quiz quiz0_ left outer join user user1_ on quiz0_.user_email=user1_.email where quiz0_.id=?
Hibernate: select answer0_.quiz_id as quiz_id1_2_0_, answer0_.answer as answer2_2_0_ from quiz_answer answer0_ where answer0_.quiz_id=?
?[1;31m
Start test 79?[0m
Hibernate: select user0_.email as email1_4_0_, user0_.enabled as enabled2_4_0_, user0_.password as password3_4_0_, user0_.role as role4_4_0_ from user user0_ where user0_.email=?
Hibernate: select quiz0_.id as id1_1_0_, quiz0_.text as text2_1_0_, quiz0_.title as title3_1_0_, quiz0_.user_email as user_ema4_1_0_, user1_.email as email1_4_1_, user1_.enabled as enabled2_4_1_, user1_.password as password3_4_1_, user1_.role as role4_4_1_ from quiz quiz0_ left outer join user user1_ on quiz0_.user_email=user1_.email where quiz0_.id=?
Hibernate: select answer0_.quiz_id as quiz_id1_2_0_, answer0_.answer as answer2_2_0_ from quiz_answer answer0_ where answer0_.quiz_id=?
?[1;31m
Start test 80?[0m
Hibernate: select user0_.email as email1_4_0_, user0_.enabled as enabled2_4_0_, user0_.password as password3_4_0_, user0_.role as role4_4_0_ from user user0_ where user0_.email=?
Hibernate: select quiz0_.id as id1_1_0_, quiz0_.text as text2_1_0_, quiz0_.title as title3_1_0_, quiz0_.user_email as user_ema4_1_0_, user1_.email as email1_4_1_, user1_.enabled as enabled2_4_1_, user1_.password as password3_4_1_, user1_.role as role4_4_1_ from quiz quiz0_ left outer join user user1_ on quiz0_.user_email=user1_.email where quiz0_.id=?
Hibernate: select answer0_.quiz_id as quiz_id1_2_0_, answer0_.answer as answer2_2_0_ from quiz_answer answer0_ where answer0_.quiz_id=?
?[1;31m
Start test 81?[0m
Hibernate: select user0_.email as email1_4_0_, user0_.enabled as enabled2_4_0_, user0_.password as password3_4_0_, user0_.role as role4_4_0_ from user user0_ where user0_.email=?
Hibernate: select quiz0_.id as id1_1_0_, quiz0_.text as text2_1_0_, quiz0_.title as title3_1_0_, quiz0_.user_email as user_ema4_1_0_, user1_.email as email1_4_1_, user1_.enabled as enabled2_4_1_, user1_.password as password3_4_1_, user1_.role as role4_4_1_ from quiz quiz0_ left outer join user user1_ on quiz0_.user_email=user1_.email where quiz0_.id=?
Hibernate: select answer0_.quiz_id as quiz_id1_2_0_, answer0_.answer as answer2_2_0_ from quiz_answer answer0_ where answer0_.quiz_id=?
?[1;31m
Start test 82?[0m
Hibernate: select user0_.email as email1_4_0_, user0_.enabled as enabled2_4_0_, user0_.password as password3_4_0_, user0_.role as role4_4_0_ from user user0_ where user0_.email=?
Hibernate: call next value for hibernate_sequence
Hibernate: select user_.email, user_.enabled as enabled2_4_, user_.password as password3_4_, user_.role as role4_4_ from user user_ where user_.email=?
Hibernate: insert into quiz (text, title, user_email, id) values (?, ?, ?, ?)
Hibernate: insert into quiz_answer (quiz_id, answer) values (?, ?)
Hibernate: insert into quiz_answer (quiz_id, answer) values (?, ?)
Hibernate: insert into quiz_options (quiz_id, options) values (?, ?)
Hibernate: insert into quiz_options (quiz_id, options) values (?, ?)
Hibernate: insert into quiz_options (quiz_id, options) values (?, ?)
Hibernate: insert into quiz_options (quiz_id, options) values (?, ?)
?[1;31m
Start test 83?[0m
Hibernate: select user0_.email as email1_4_0_, user0_.enabled as enabled2_4_0_, user0_.password as password3_4_0_, user0_.role as role4_4_0_ from user user0_ where user0_.email=?
Hibernate: select quiz0_.id as id1_1_0_, quiz0_.text as text2_1_0_, quiz0_.title as title3_1_0_, quiz0_.user_email as user_ema4_1_0_, user1_.email as email1_4_1_, user1_.enabled as enabled2_4_1_, user1_.password as password3_4_1_, user1_.role as role4_4_1_ from quiz quiz0_ left outer join user user1_ on quiz0_.user_email=user1_.email where quiz0_.id=?
Hibernate: select options0_.quiz_id as quiz_id1_3_0_, options0_.options as options2_3_0_ from quiz_options options0_ where options0_.quiz_id=?
?[1;31m
Start test 84?[0m
Hibernate: select user0_.email as email1_4_0_, user0_.enabled as enabled2_4_0_, user0_.password as password3_4_0_, user0_.role as role4_4_0_ from user user0_ where user0_.email=?
Hibernate: select quiz0_.id as id1_1_0_, quiz0_.text as text2_1_0_, quiz0_.title as title3_1_0_, quiz0_.user_email as user_ema4_1_0_, user1_.email as email1_4_1_, user1_.enabled as enabled2_4_1_, user1_.password as password3_4_1_, user1_.role as role4_4_1_ from quiz quiz0_ left outer join user user1_ on quiz0_.user_email=user1_.email where quiz0_.id=?
?[1;31m
Start test 85?[0m
Hibernate: select user0_.email as email1_4_0_, user0_.enabled as enabled2_4_0_, user0_.password as password3_4_0_, user0_.role as role4_4_0_ from user user0_ where user0_.email=?
Hibernate: select quiz0_.id as id1_1_0_, quiz0_.text as text2_1_0_, quiz0_.title as title3_1_0_, quiz0_.user_email as user_ema4_1_0_, user1_.email as email1_4_1_, user1_.enabled as enabled2_4_1_, user1_.password as password3_4_1_, user1_.role as role4_4_1_ from quiz quiz0_ left outer join user user1_ on quiz0_.user_email=user1_.email where quiz0_.id=?
Hibernate: select answer0_.quiz_id as quiz_id1_2_0_, answer0_.answer as answer2_2_0_ from quiz_answer answer0_ where answer0_.quiz_id=?
?[1;31m
Start test 86?[0m
Hibernate: select user0_.email as email1_4_0_, user0_.enabled as enabled2_4_0_, user0_.password as password3_4_0_, user0_.role as role4_4_0_ from user user0_ where user0_.email=?
Hibernate: select quiz0_.id as id1_1_0_, quiz0_.text as text2_1_0_, quiz0_.title as title3_1_0_, quiz0_.user_email as user_ema4_1_0_, user1_.email as email1_4_1_, user1_.enabled as enabled2_4_1_, user1_.password as password3_4_1_, user1_.role as role4_4_1_ from quiz quiz0_ left outer join user user1_ on quiz0_.user_email=user1_.email where quiz0_.id=?
Hibernate: select answer0_.quiz_id as quiz_id1_2_0_, answer0_.answer as answer2_2_0_ from quiz_answer answer0_ where answer0_.quiz_id=?
?[1;31m
Start test 87?[0m
Hibernate: select user0_.email as email1_4_0_, user0_.enabled as enabled2_4_0_, user0_.password as password3_4_0_, user0_.role as role4_4_0_ from user user0_ where user0_.email=?
Hibernate: select quiz0_.id as id1_1_0_, quiz0_.text as text2_1_0_, quiz0_.title as title3_1_0_, quiz0_.user_email as user_ema4_1_0_, user1_.email as email1_4_1_, user1_.enabled as enabled2_4_1_, user1_.password as password3_4_1_, user1_.role as role4_4_1_ from quiz quiz0_ left outer join user user1_ on quiz0_.user_email=user1_.email where quiz0_.id=?
Hibernate: select answer0_.quiz_id as quiz_id1_2_0_, answer0_.answer as answer2_2_0_ from quiz_answer answer0_ where answer0_.quiz_id=?
?[1;31m
Start test 88?[0m
Hibernate: select user0_.email as email1_4_0_, user0_.enabled as enabled2_4_0_, user0_.password as password3_4_0_, user0_.role as role4_4_0_ from user user0_ where user0_.email=?
Hibernate: select quiz0_.id as id1_1_0_, quiz0_.text as text2_1_0_, quiz0_.title as title3_1_0_, quiz0_.user_email as user_ema4_1_0_, user1_.email as email1_4_1_, user1_.enabled as enabled2_4_1_, user1_.password as password3_4_1_, user1_.role as role4_4_1_ from quiz quiz0_ left outer join user user1_ on quiz0_.user_email=user1_.email where quiz0_.id=?
Hibernate: select answer0_.quiz_id as quiz_id1_2_0_, answer0_.answer as answer2_2_0_ from quiz_answer answer0_ where answer0_.quiz_id=?
?[1;31m
Start test 89?[0m
Hibernate: select user0_.email as email1_4_0_, user0_.enabled as enabled2_4_0_, user0_.password as password3_4_0_, user0_.role as role4_4_0_ from user user0_ where user0_.email=?
Hibernate: select quiz0_.id as id1_1_0_, quiz0_.text as text2_1_0_, quiz0_.title as title3_1_0_, quiz0_.user_email as user_ema4_1_0_, user1_.email as email1_4_1_, user1_.enabled as enabled2_4_1_, user1_.password as password3_4_1_, user1_.role as role4_4_1_ from quiz quiz0_ left outer join user user1_ on quiz0_.user_email=user1_.email where quiz0_.id=?
Hibernate: select answer0_.quiz_id as quiz_id1_2_0_, answer0_.answer as answer2_2_0_ from quiz_answer answer0_ where answer0_.quiz_id=?
?[1;31m
Start test 90?[0m
Hibernate: select user0_.email as email1_4_0_, user0_.enabled as enabled2_4_0_, user0_.password as password3_4_0_, user0_.role as role4_4_0_ from user user0_ where user0_.email=?
Hibernate: select quiz0_.id as id1_1_0_, quiz0_.text as text2_1_0_, quiz0_.title as title3_1_0_, quiz0_.user_email as user_ema4_1_0_, user1_.email as email1_4_1_, user1_.enabled as enabled2_4_1_, user1_.password as password3_4_1_, user1_.role as role4_4_1_ from quiz quiz0_ left outer join user user1_ on quiz0_.user_email=user1_.email where quiz0_.id=?
Hibernate: select answer0_.quiz_id as quiz_id1_2_0_, answer0_.answer as answer2_2_0_ from quiz_answer answer0_ where answer0_.quiz_id=?
?[1;31m
Start test 91?[0m
Hibernate: select user0_.email as email1_4_0_, user0_.enabled as enabled2_4_0_, user0_.password as password3_4_0_, user0_.role as role4_4_0_ from user user0_ where user0_.email=?
Hibernate: select quiz0_.id as id1_1_0_, quiz0_.text as text2_1_0_, quiz0_.title as title3_1_0_, quiz0_.user_email as user_ema4_1_0_, user1_.email as email1_4_1_, user1_.enabled as enabled2_4_1_, user1_.password as password3_4_1_, user1_.role as role4_4_1_ from quiz quiz0_ left outer join user user1_ on quiz0_.user_email=user1_.email where quiz0_.id=?
Hibernate: select answer0_.quiz_id as quiz_id1_2_0_, answer0_.answer as answer2_2_0_ from quiz_answer answer0_ where answer0_.quiz_id=?
?[1;31m
Start test 92?[0m
Hibernate: select user0_.email as email1_4_0_, user0_.enabled as enabled2_4_0_, user0_.password as password3_4_0_, user0_.role as role4_4_0_ from user user0_ where user0_.email=?
Hibernate: select quiz0_.id as id1_1_0_, quiz0_.text as text2_1_0_, quiz0_.title as title3_1_0_, quiz0_.user_email as user_ema4_1_0_, user1_.email as email1_4_1_, user1_.enabled as enabled2_4_1_, user1_.password as password3_4_1_, user1_.role as role4_4_1_ from quiz quiz0_ left outer join user user1_ on quiz0_.user_email=user1_.email where quiz0_.id=?
Hibernate: select answer0_.quiz_id as quiz_id1_2_0_, answer0_.answer as answer2_2_0_ from quiz_answer answer0_ where answer0_.quiz_id=?
?[1;31m
Start test 93?[0m
Hibernate: select user0_.email as email1_4_0_, user0_.enabled as enabled2_4_0_, user0_.password as password3_4_0_, user0_.role as role4_4_0_ from user user0_ where user0_.email=?
Hibernate: select quiz0_.id as id1_1_0_, quiz0_.text as text2_1_0_, quiz0_.title as title3_1_0_, quiz0_.user_email as user_ema4_1_0_, user1_.email as email1_4_1_, user1_.enabled as enabled2_4_1_, user1_.password as password3_4_1_, user1_.role as role4_4_1_ from quiz quiz0_ left outer join user user1_ on quiz0_.user_email=user1_.email where quiz0_.id=?
Hibernate: select answer0_.quiz_id as quiz_id1_2_0_, answer0_.answer as answer2_2_0_ from quiz_answer answer0_ where answer0_.quiz_id=?
?[1;31m
Start test 94?[0m
Hibernate: select user0_.email as email1_4_0_, user0_.enabled as enabled2_4_0_, user0_.password as password3_4_0_, user0_.role as role4_4_0_ from user user0_ where user0_.email=?
Hibernate: select quiz0_.id as id1_1_0_, quiz0_.text as text2_1_0_, quiz0_.title as title3_1_0_, quiz0_.user_email as user_ema4_1_0_, user1_.email as email1_4_1_, user1_.enabled as enabled2_4_1_, user1_.password as password3_4_1_, user1_.role as role4_4_1_ from quiz quiz0_ left outer join user user1_ on quiz0_.user_email=user1_.email where quiz0_.id=?
Hibernate: select answer0_.quiz_id as quiz_id1_2_0_, answer0_.answer as answer2_2_0_ from quiz_answer answer0_ where answer0_.quiz_id=?
Hibernate: call next value for hibernate_sequence
Hibernate: select user_.email, user_.enabled as enabled2_4_, user_.password as password3_4_, user_.role as role4_4_ from user user_ where user_.email=?
Hibernate: insert into completion (completed_at, quiz_id, user_email, id) values (?, ?, ?, ?)
?[1;31m
Start test 95?[0m
Hibernate: select user0_.email as email1_4_0_, user0_.enabled as enabled2_4_0_, user0_.password as password3_4_0_, user0_.role as role4_4_0_ from user user0_ where user0_.email=?
Hibernate: select quiz0_.id as id1_1_0_, quiz0_.text as text2_1_0_, quiz0_.title as title3_1_0_, quiz0_.user_email as user_ema4_1_0_, user1_.email as email1_4_1_, user1_.enabled as enabled2_4_1_, user1_.password as password3_4_1_, user1_.role as role4_4_1_ from quiz quiz0_ left outer join user user1_ on quiz0_.user_email=user1_.email where quiz0_.id=?
Hibernate: select answer0_.quiz_id as quiz_id1_2_0_, answer0_.answer as answer2_2_0_ from quiz_answer answer0_ where answer0_.quiz_id=?
?[1;31m
Start test 96?[0m
Hibernate: select user0_.email as email1_4_0_, user0_.enabled as enabled2_4_0_, user0_.password as password3_4_0_, user0_.role as role4_4_0_ from user user0_ where user0_.email=?
Hibernate: select quiz0_.id as id1_1_0_, quiz0_.text as text2_1_0_, quiz0_.title as title3_1_0_, quiz0_.user_email as user_ema4_1_0_, user1_.email as email1_4_1_, user1_.enabled as enabled2_4_1_, user1_.password as password3_4_1_, user1_.role as role4_4_1_ from quiz quiz0_ left outer join user user1_ on quiz0_.user_email=user1_.email where quiz0_.id=?
Hibernate: select answer0_.quiz_id as quiz_id1_2_0_, answer0_.answer as answer2_2_0_ from quiz_answer answer0_ where answer0_.quiz_id=?
?[1;31m
Start test 97?[0m
Hibernate: select user0_.email as email1_4_0_, user0_.enabled as enabled2_4_0_, user0_.password as password3_4_0_, user0_.role as role4_4_0_ from user user0_ where user0_.email=?
Hibernate: select quiz0_.id as id1_1_0_, quiz0_.text as text2_1_0_, quiz0_.title as title3_1_0_, quiz0_.user_email as user_ema4_1_0_, user1_.email as email1_4_1_, user1_.enabled as enabled2_4_1_, user1_.password as password3_4_1_, user1_.role as role4_4_1_ from quiz quiz0_ left outer join user user1_ on quiz0_.user_email=user1_.email where quiz0_.id=?
Hibernate: select answer0_.quiz_id as quiz_id1_2_0_, answer0_.answer as answer2_2_0_ from quiz_answer answer0_ where answer0_.quiz_id=?
?[1;31m
Start test 98?[0m
Hibernate: select user0_.email as email1_4_0_, user0_.enabled as enabled2_4_0_, user0_.password as password3_4_0_, user0_.role as role4_4_0_ from user user0_ where user0_.email=?
Hibernate: select quiz0_.id as id1_1_0_, quiz0_.text as text2_1_0_, quiz0_.title as title3_1_0_, quiz0_.user_email as user_ema4_1_0_, user1_.email as email1_4_1_, user1_.enabled as enabled2_4_1_, user1_.password as password3_4_1_, user1_.role as role4_4_1_ from quiz quiz0_ left outer join user user1_ on quiz0_.user_email=user1_.email where quiz0_.id=?
Hibernate: select answer0_.quiz_id as quiz_id1_2_0_, answer0_.answer as answer2_2_0_ from quiz_answer answer0_ where answer0_.quiz_id=?
?[1;31m
Start test 99?[0m
Hibernate: select user0_.email as email1_4_0_, user0_.enabled as enabled2_4_0_, user0_.password as password3_4_0_, user0_.role as role4_4_0_ from user user0_ where user0_.email=?
Hibernate: select quiz0_.id as id1_1_0_, quiz0_.text as text2_1_0_, quiz0_.title as title3_1_0_, quiz0_.user_email as user_ema4_1_0_, user1_.email as email1_4_1_, user1_.enabled as enabled2_4_1_, user1_.password as password3_4_1_, user1_.role as role4_4_1_ from quiz quiz0_ left outer join user user1_ on quiz0_.user_email=user1_.email where quiz0_.id=?
Hibernate: select answer0_.quiz_id as quiz_id1_2_0_, answer0_.answer as answer2_2_0_ from quiz_answer answer0_ where answer0_.quiz_id=?
?[1;31m
Start test 100?[0m
Hibernate: select user0_.email as email1_4_0_, user0_.enabled as enabled2_4_0_, user0_.password as password3_4_0_, user0_.role as role4_4_0_ from user user0_ where user0_.email=?
Hibernate: call next value for hibernate_sequence
Hibernate: select user_.email, user_.enabled as enabled2_4_, user_.password as password3_4_, user_.role as role4_4_ from user user_ where user_.email=?
Hibernate: insert into quiz (text, title, user_email, id) values (?, ?, ?, ?)
Hibernate: insert into quiz_options (quiz_id, options) values (?, ?)
Hibernate: insert into quiz_options (quiz_id, options) values (?, ?)
Hibernate: insert into quiz_options (quiz_id, options) values (?, ?)
Hibernate: insert into quiz_options (quiz_id, options) values (?, ?)
?[1;31m
Start test 101?[0m
Hibernate: select user0_.email as email1_4_0_, user0_.enabled as enabled2_4_0_, user0_.password as password3_4_0_, user0_.role as role4_4_0_ from user user0_ where user0_.email=?
Hibernate: select quiz0_.id as id1_1_0_, quiz0_.text as text2_1_0_, quiz0_.title as title3_1_0_, quiz0_.user_email as user_ema4_1_0_, user1_.email as email1_4_1_, user1_.enabled as enabled2_4_1_, user1_.password as password3_4_1_, user1_.role as role4_4_1_ from quiz quiz0_ left outer join user user1_ on quiz0_.user_email=user1_.email where quiz0_.id=?
Hibernate: select options0_.quiz_id as quiz_id1_3_0_, options0_.options as options2_3_0_ from quiz_options options0_ where options0_.quiz_id=?
?[1;31m
Start test 102?[0m
Hibernate: select user0_.email as email1_4_0_, user0_.enabled as enabled2_4_0_, user0_.password as password3_4_0_, user0_.role as role4_4_0_ from user user0_ where user0_.email=?
Hibernate: select quiz0_.id as id1_1_0_, quiz0_.text as text2_1_0_, quiz0_.title as title3_1_0_, quiz0_.user_email as user_ema4_1_0_, user1_.email as email1_4_1_, user1_.enabled as enabled2_4_1_, user1_.password as password3_4_1_, user1_.role as role4_4_1_ from quiz quiz0_ left outer join user user1_ on quiz0_.user_email=user1_.email where quiz0_.id=?
?[1;31m
Start test 103?[0m
Hibernate: select user0_.email as email1_4_0_, user0_.enabled as enabled2_4_0_, user0_.password as password3_4_0_, user0_.role as role4_4_0_ from user user0_ where user0_.email=?
Hibernate: select quiz0_.id as id1_1_0_, quiz0_.text as text2_1_0_, quiz0_.title as title3_1_0_, quiz0_.user_email as user_ema4_1_0_, user1_.email as email1_4_1_, user1_.enabled as enabled2_4_1_, user1_.password as password3_4_1_, user1_.role as role4_4_1_ from quiz quiz0_ left outer join user user1_ on quiz0_.user_email=user1_.email where quiz0_.id=?
Hibernate: select answer0_.quiz_id as quiz_id1_2_0_, answer0_.answer as answer2_2_0_ from quiz_answer answer0_ where answer0_.quiz_id=?
Hibernate: call next value for hibernate_sequence
Hibernate: select user_.email, user_.enabled as enabled2_4_, user_.password as password3_4_, user_.role as role4_4_ from user user_ where user_.email=?
Hibernate: insert into completion (completed_at, quiz_id, user_email, id) values (?, ?, ?, ?)
?[1;31m
Start test 104?[0m
Hibernate: select user0_.email as email1_4_0_, user0_.enabled as enabled2_4_0_, user0_.password as password3_4_0_, user0_.role as role4_4_0_ from user user0_ where user0_.email=?
Hibernate: select quiz0_.id as id1_1_0_, quiz0_.text as text2_1_0_, quiz0_.title as title3_1_0_, quiz0_.user_email as user_ema4_1_0_, user1_.email as email1_4_1_, user1_.enabled as enabled2_4_1_, user1_.password as password3_4_1_, user1_.role as role4_4_1_ from quiz quiz0_ left outer join user user1_ on quiz0_.user_email=user1_.email where quiz0_.id=?
Hibernate: select answer0_.quiz_id as quiz_id1_2_0_, answer0_.answer as answer2_2_0_ from quiz_answer answer0_ where answer0_.quiz_id=?
?[1;31m
Start test 105?[0m
Hibernate: select user0_.email as email1_4_0_, user0_.enabled as enabled2_4_0_, user0_.password as password3_4_0_, user0_.role as role4_4_0_ from user user0_ where user0_.email=?
Hibernate: select quiz0_.id as id1_1_0_, quiz0_.text as text2_1_0_, quiz0_.title as title3_1_0_, quiz0_.user_email as user_ema4_1_0_, user1_.email as email1_4_1_, user1_.enabled as enabled2_4_1_, user1_.password as password3_4_1_, user1_.role as role4_4_1_ from quiz quiz0_ left outer join user user1_ on quiz0_.user_email=user1_.email where quiz0_.id=?
Hibernate: select answer0_.quiz_id as quiz_id1_2_0_, answer0_.answer as answer2_2_0_ from quiz_answer answer0_ where answer0_.quiz_id=?
?[1;31m
Start test 106?[0m
Hibernate: select user0_.email as email1_4_0_, user0_.enabled as enabled2_4_0_, user0_.password as password3_4_0_, user0_.role as role4_4_0_ from user user0_ where user0_.email=?
[...]
Hibernate: select options0_.quiz_id as quiz_id1_3_0_, options0_.options as options2_3_0_ from quiz_options options0_ where options0_.quiz_id=?
Hibernate: select options0_.quiz_id as quiz_id1_3_0_, options0_.options as options2_3_0_ from quiz_options options0_ where options0_.quiz_id=?
Hibernate: select options0_.quiz_id as quiz_id1_3_0_, options0_.options as options2_3_0_ from quiz_options options0_ where options0_.quiz_id=?
Hibernate: select options0_.quiz_id as quiz_id1_3_0_, options0_.options as options2_3_0_ from quiz_options options0_ where options0_.quiz_id=?
?[1;31m
Start test 217?[0m
Hibernate: select user0_.email as email1_4_0_, user0_.enabled as enabled2_4_0_, user0_.password as password3_4_0_, user0_.role as role4_4_0_ from user user0_ where user0_.email=?
Hibernate: select quiz0_.id as id1_1_0_, quiz0_.text as text2_1_0_, quiz0_.title as title3_1_0_, quiz0_.user_email as user_ema4_1_0_, user1_.email as email1_4_1_, user1_.enabled as enabled2_4_1_, user1_.password as password3_4_1_, user1_.role as role4_4_1_ from quiz quiz0_ left outer join user user1_ on quiz0_.user_email=user1_.email where quiz0_.id=?
?[1;31m
Start test 218?[0m
Hibernate: select user0_.email as email1_4_0_, user0_.enabled as enabled2_4_0_, user0_.password as password3_4_0_, user0_.role as role4_4_0_ from user user0_ where user0_.email=?
Hibernate: select quiz0_.id as id1_1_0_, quiz0_.text as text2_1_0_, quiz0_.title as title3_1_0_, quiz0_.user_email as user_ema4_1_0_, user1_.email as email1_4_1_, user1_.enabled as enabled2_4_1_, user1_.password as password3_4_1_, user1_.role as role4_4_1_ from quiz quiz0_ left outer join user user1_ on quiz0_.user_email=user1_.email where quiz0_.id=?
?[1;31m
Start test 219?[0m
Hibernate: select user0_.email as email1_4_0_, user0_.enabled as enabled2_4_0_, user0_.password as password3_4_0_, user0_.role as role4_4_0_ from user user0_ where user0_.email=?
Hibernate: select quiz0_.id as id1_1_0_, quiz0_.text as text2_1_0_, quiz0_.title as title3_1_0_, quiz0_.user_email as user_ema4_1_0_, user1_.email as email1_4_1_, user1_.enabled as enabled2_4_1_, user1_.password as password3_4_1_, user1_.role as role4_4_1_ from quiz quiz0_ left outer join user user1_ on quiz0_.user_email=user1_.email where quiz0_.id=?
?[1;31m
Start test 220?[0m
Hibernate: select user0_.email as email1_4_0_, user0_.enabled as enabled2_4_0_, user0_.password as password3_4_0_, user0_.role as role4_4_0_ from user user0_ where user0_.email=?
Hibernate: select quiz0_.id as id1_1_0_, quiz0_.text as text2_1_0_, quiz0_.title as title3_1_0_, quiz0_.user_email as user_ema4_1_0_, user1_.email as email1_4_1_, user1_.enabled as enabled2_4_1_, user1_.password as password3_4_1_, user1_.role as role4_4_1_ from quiz quiz0_ left outer join user user1_ on quiz0_.user_email=user1_.email where quiz0_.id=?
?[1;31m
Start test 221?[0m
Hibernate: select user0_.email as email1_4_0_, user0_.enabled as enabled2_4_0_, user0_.password as password3_4_0_, user0_.role as role4_4_0_ from user user0_ where user0_.email=?
Hibernate: call next value for hibernate_sequence
Hibernate: select user_.email, user_.enabled as enabled2_4_, user_.password as password3_4_, user_.role as role4_4_ from user user_ where user_.email=?
Hibernate: insert into quiz (text, title, user_email, id) values (?, ?, ?, ?)
Hibernate: insert into quiz_answer (quiz_id, answer) values (?, ?)
Hibernate: insert into quiz_answer (quiz_id, answer) values (?, ?)
Hibernate: insert into quiz_answer (quiz_id, answer) values (?, ?)
Hibernate: insert into quiz_options (quiz_id, options) values (?, ?)
Hibernate: insert into quiz_options (quiz_id, options) values (?, ?)
Hibernate: insert into quiz_options (quiz_id, options) values (?, ?)
Hibernate: insert into quiz_options (quiz_id, options) values (?, ?)
?[1;31m
Start test 222?[0m
Hibernate: select user0_.email as email1_4_0_, user0_.enabled as enabled2_4_0_, user0_.password as password3_4_0_, user0_.role as role4_4_0_ from user user0_ where user0_.email=?
Hibernate: call next value for hibernate_sequence
Hibernate: select user_.email, user_.enabled as enabled2_4_, user_.password as password3_4_, user_.role as role4_4_ from user user_ where user_.email=?
Hibernate: insert into quiz (text, title, user_email, id) values (?, ?, ?, ?)
Hibernate: insert into quiz_answer (quiz_id, answer) values (?, ?)
Hibernate: insert into quiz_answer (quiz_id, answer) values (?, ?)
Hibernate: insert into quiz_answer (quiz_id, answer) values (?, ?)
Hibernate: insert into quiz_options (quiz_id, options) values (?, ?)
Hibernate: insert into quiz_options (quiz_id, options) values (?, ?)
Hibernate: insert into quiz_options (quiz_id, options) values (?, ?)
Hibernate: insert into quiz_options (quiz_id, options) values (?, ?)
?[1;31m
Start test 223?[0m
Hibernate: select user0_.email as email1_4_0_, user0_.enabled as enabled2_4_0_, user0_.password as password3_4_0_, user0_.role as role4_4_0_ from user user0_ where user0_.email=?
Hibernate: call next value for hibernate_sequence
Hibernate: select user_.email, user_.enabled as enabled2_4_, user_.password as password3_4_, user_.role as role4_4_ from user user_ where user_.email=?
Hibernate: insert into quiz (text, title, user_email, id) values (?, ?, ?, ?)
Hibernate: insert into quiz_answer (quiz_id, answer) values (?, ?)
Hibernate: insert into quiz_answer (quiz_id, answer) values (?, ?)
Hibernate: insert into quiz_answer (quiz_id, answer) values (?, ?)
Hibernate: insert into quiz_options (quiz_id, options) values (?, ?)
Hibernate: insert into quiz_options (quiz_id, options) values (?, ?)
Hibernate: insert into quiz_options (quiz_id, options) values (?, ?)
Hibernate: insert into quiz_options (quiz_id, options) values (?, ?)
?[1;31m
Start test 224?[0m
Hibernate: select user0_.email as email1_4_0_, user0_.enabled as enabled2_4_0_, user0_.password as password3_4_0_, user0_.role as role4_4_0_ from user user0_ where user0_.email=?
Hibernate: call next value for hibernate_sequence
Hibernate: select user_.email, user_.enabled as enabled2_4_, user_.password as password3_4_, user_.role as role4_4_ from user user_ where user_.email=?
Hibernate: insert into quiz (text, title, user_email, id) values (?, ?, ?, ?)
Hibernate: insert into quiz_answer (quiz_id, answer) values (?, ?)
Hibernate: insert into quiz_answer (quiz_id, answer) values (?, ?)
Hibernate: insert into quiz_answer (quiz_id, answer) values (?, ?)
Hibernate: insert into quiz_options (quiz_id, options) values (?, ?)
Hibernate: insert into quiz_options (quiz_id, options) values (?, ?)
Hibernate: insert into quiz_options (quiz_id, options) values (?, ?)
Hibernate: insert into quiz_options (quiz_id, options) values (?, ?)
?[1;31m
Start test 225?[0m
Hibernate: select user0_.email as email1_4_0_, user0_.enabled as enabled2_4_0_, user0_.password as password3_4_0_, user0_.role as role4_4_0_ from user user0_ where user0_.email=?
Hibernate: call next value for hibernate_sequence
Hibernate: select user_.email, user_.enabled as enabled2_4_, user_.password as password3_4_, user_.role as role4_4_ from user user_ where user_.email=?
Hibernate: insert into quiz (text, title, user_email, id) values (?, ?, ?, ?)
Hibernate: insert into quiz_answer (quiz_id, answer) values (?, ?)
Hibernate: insert into quiz_answer (quiz_id, answer) values (?, ?)
Hibernate: insert into quiz_answer (quiz_id, answer) values (?, ?)
Hibernate: insert into quiz_options (quiz_id, options) values (?, ?)
Hibernate: insert into quiz_options (quiz_id, options) values (?, ?)
Hibernate: insert into quiz_options (quiz_id, options) values (?, ?)
Hibernate: insert into quiz_options (quiz_id, options) values (?, ?)
?[1;31m
Start test 226?[0m
Hibernate: select user0_.email as email1_4_0_, user0_.enabled as enabled2_4_0_, user0_.password as password3_4_0_, user0_.role as role4_4_0_ from user user0_ where user0_.email=?
Hibernate: call next value for hibernate_sequence
Hibernate: select user_.email, user_.enabled as enabled2_4_, user_.password as password3_4_, user_.role as role4_4_ from user user_ where user_.email=?
Hibernate: insert into quiz (text, title, user_email, id) values (?, ?, ?, ?)
Hibernate: insert into quiz_answer (quiz_id, answer) values (?, ?)
Hibernate: insert into quiz_answer (quiz_id, answer) values (?, ?)
Hibernate: insert into quiz_answer (quiz_id, answer) values (?, ?)
Hibernate: insert into quiz_options (quiz_id, options) values (?, ?)
Hibernate: insert into quiz_options (quiz_id, options) values (?, ?)
Hibernate: insert into quiz_options (quiz_id, options) values (?, ?)
Hibernate: insert into quiz_options (quiz_id, options) values (?, ?)
?[1;31m
Start test 227?[0m
Hibernate: select user0_.email as email1_4_0_, user0_.enabled as enabled2_4_0_, user0_.password as password3_4_0_, user0_.role as role4_4_0_ from user user0_ where user0_.email=?
Hibernate: call next value for hibernate_sequence
Hibernate: select user_.email, user_.enabled as enabled2_4_, user_.password as password3_4_, user_.role as role4_4_ from user user_ where user_.email=?
Hibernate: insert into quiz (text, title, user_email, id) values (?, ?, ?, ?)
Hibernate: insert into quiz_answer (quiz_id, answer) values (?, ?)
Hibernate: insert into quiz_answer (quiz_id, answer) values (?, ?)
Hibernate: insert into quiz_answer (quiz_id, answer) values (?, ?)
Hibernate: insert into quiz_options (quiz_id, options) values (?, ?)
Hibernate: insert into quiz_options (quiz_id, options) values (?, ?)
Hibernate: insert into quiz_options (quiz_id, options) values (?, ?)
Hibernate: insert into quiz_options (quiz_id, options) values (?, ?)
?[1;31m
Start test 228?[0m
Hibernate: select user0_.email as email1_4_0_, user0_.enabled as enabled2_4_0_, user0_.password as password3_4_0_, user0_.role as role4_4_0_ from user user0_ where user0_.email=?
Hibernate: call next value for hibernate_sequence
Hibernate: select user_.email, user_.enabled as enabled2_4_, user_.password as password3_4_, user_.role as role4_4_ from user user_ where user_.email=?
Hibernate: insert into quiz (text, title, user_email, id) values (?, ?, ?, ?)
Hibernate: insert into quiz_answer (quiz_id, answer) values (?, ?)
Hibernate: insert into quiz_answer (quiz_id, answer) values (?, ?)
Hibernate: insert into quiz_answer (quiz_id, answer) values (?, ?)
Hibernate: insert into quiz_options (quiz_id, options) values (?, ?)
Hibernate: insert into quiz_options (quiz_id, options) values (?, ?)
Hibernate: insert into quiz_options (quiz_id, options) values (?, ?)
Hibernate: insert into quiz_options (quiz_id, options) values (?, ?)
?[1;31m
Start test 229?[0m
Hibernate: select user0_.email as email1_4_0_, user0_.enabled as enabled2_4_0_, user0_.password as password3_4_0_, user0_.role as role4_4_0_ from user user0_ where user0_.email=?
Hibernate: call next value for hibernate_sequence
Hibernate: select user_.email, user_.enabled as enabled2_4_, user_.password as password3_4_, user_.role as role4_4_ from user user_ where user_.email=?
Hibernate: insert into quiz (text, title, user_email, id) values (?, ?, ?, ?)
Hibernate: insert into quiz_answer (quiz_id, answer) values (?, ?)
Hibernate: insert into quiz_answer (quiz_id, answer) values (?, ?)
Hibernate: insert into quiz_answer (quiz_id, answer) values (?, ?)
Hibernate: insert into quiz_options (quiz_id, options) values (?, ?)
Hibernate: insert into quiz_options (quiz_id, options) values (?, ?)
Hibernate: insert into quiz_options (quiz_id, options) values (?, ?)
Hibernate: insert into quiz_options (quiz_id, options) values (?, ?)
?[1;31m
Start test 230?[0m
Hibernate: select user0_.email as email1_4_0_, user0_.enabled as enabled2_4_0_, user0_.password as password3_4_0_, user0_.role as role4_4_0_ from user user0_ where user0_.email=?
Hibernate: call next value for hibernate_sequence
Hibernate: select user_.email, user_.enabled as enabled2_4_, user_.password as password3_4_, user_.role as role4_4_ from user user_ where user_.email=?
Hibernate: insert into quiz (text, title, user_email, id) values (?, ?, ?, ?)
Hibernate: insert into quiz_answer (quiz_id, answer) values (?, ?)
Hibernate: insert into quiz_answer (quiz_id, answer) values (?, ?)
Hibernate: insert into quiz_answer (quiz_id, answer) values (?, ?)
Hibernate: insert into quiz_options (quiz_id, options) values (?, ?)
Hibernate: insert into quiz_options (quiz_id, options) values (?, ?)
Hibernate: insert into quiz_options (quiz_id, options) values (?, ?)
Hibernate: insert into quiz_options (quiz_id, options) values (?, ?)
?[1;31m
Start test 231?[0m
Hibernate: select user0_.email as email1_4_0_, user0_.enabled as enabled2_4_0_, user0_.password as password3_4_0_, user0_.role as role4_4_0_ from user user0_ where user0_.email=?
Hibernate: select quiz0_.id as id1_1_, quiz0_.text as text2_1_, quiz0_.title as title3_1_, quiz0_.user_email as user_ema4_1_ from quiz quiz0_ order by quiz0_.id asc limit ?
Hibernate: select user0_.email as email1_4_0_, user0_.enabled as enabled2_4_0_, user0_.password as password3_4_0_, user0_.role as role4_4_0_ from user user0_ where user0_.email=?
Hibernate: select user0_.email as email1_4_0_, user0_.enabled as enabled2_4_0_, user0_.password as password3_4_0_, user0_.role as role4_4_0_ from user user0_ where user0_.email=?
Hibernate: select count(quiz0_.id) as col_0_0_ from quiz quiz0_
Hibernate: select options0_.quiz_id as quiz_id1_3_0_, options0_.options as options2_3_0_ from quiz_options options0_ where options0_.quiz_id=?
Hibernate: select options0_.quiz_id as quiz_id1_3_0_, options0_.options as options2_3_0_ from quiz_options options0_ where options0_.quiz_id=?
Hibernate: select options0_.quiz_id as quiz_id1_3_0_, options0_.options as options2_3_0_ from quiz_options options0_ where options0_.quiz_id=?
Hibernate: select options0_.quiz_id as quiz_id1_3_0_, options0_.options as options2_3_0_ from quiz_options options0_ where options0_.quiz_id=?
Hibernate: select options0_.quiz_id as quiz_id1_3_0_, options0_.options as options2_3_0_ from quiz_options options0_ where options0_.quiz_id=?
Hibernate: select options0_.quiz_id as quiz_id1_3_0_, options0_.options as options2_3_0_ from quiz_options options0_ where options0_.quiz_id=?
Hibernate: select options0_.quiz_id as quiz_id1_3_0_, options0_.options as options2_3_0_ from quiz_options options0_ where options0_.quiz_id=?
Hibernate: select options0_.quiz_id as quiz_id1_3_0_, options0_.options as options2_3_0_ from quiz_options options0_ where options0_.quiz_id=?
Hibernate: select options0_.quiz_id as quiz_id1_3_0_, options0_.options as options2_3_0_ from quiz_options options0_ where options0_.quiz_id=?
Hibernate: select options0_.quiz_id as quiz_id1_3_0_, options0_.options as options2_3_0_ from quiz_options options0_ where options0_.quiz_id=?
?[1;31m
Start test 232?[0m
Hibernate: select user0_.email as email1_4_0_, user0_.enabled as enabled2_4_0_, user0_.password as password3_4_0_, user0_.role as role4_4_0_ from user user0_ where user0_.email=?
Hibernate: select quiz0_.id as id1_1_, quiz0_.text as text2_1_, quiz0_.title as title3_1_, quiz0_.user_email as user_ema4_1_ from quiz quiz0_ order by quiz0_.id asc limit ?
Hibernate: select user0_.email as email1_4_0_, user0_.enabled as enabled2_4_0_, user0_.password as password3_4_0_, user0_.role as role4_4_0_ from user user0_ where user0_.email=?
Hibernate: select user0_.email as email1_4_0_, user0_.enabled as enabled2_4_0_, user0_.password as password3_4_0_, user0_.role as role4_4_0_ from user user0_ where user0_.email=?
Hibernate: select count(quiz0_.id) as col_0_0_ from quiz quiz0_
Hibernate: select options0_.quiz_id as quiz_id1_3_0_, options0_.options as options2_3_0_ from quiz_options options0_ where options0_.quiz_id=?
Hibernate: select options0_.quiz_id as quiz_id1_3_0_, options0_.options as options2_3_0_ from quiz_options options0_ where options0_.quiz_id=?
Hibernate: select options0_.quiz_id as quiz_id1_3_0_, options0_.options as options2_3_0_ from quiz_options options0_ where options0_.quiz_id=?
Hibernate: select options0_.quiz_id as quiz_id1_3_0_, options0_.options as options2_3_0_ from quiz_options options0_ where options0_.quiz_id=?
Hibernate: select options0_.quiz_id as quiz_id1_3_0_, options0_.options as options2_3_0_ from quiz_options options0_ where options0_.quiz_id=?
Hibernate: select options0_.quiz_id as quiz_id1_3_0_, options0_.options as options2_3_0_ from quiz_options options0_ where options0_.quiz_id=?
Hibernate: select options0_.quiz_id as quiz_id1_3_0_, options0_.options as options2_3_0_ from quiz_options options0_ where options0_.quiz_id=?
Hibernate: select options0_.quiz_id as quiz_id1_3_0_, options0_.options as options2_3_0_ from quiz_options options0_ where options0_.quiz_id=?
Hibernate: select options0_.quiz_id as quiz_id1_3_0_, options0_.options as options2_3_0_ from quiz_options options0_ where options0_.quiz_id=?
Hibernate: select options0_.quiz_id as quiz_id1_3_0_, options0_.options as options2_3_0_ from quiz_options options0_ where options0_.quiz_id=?
?[1;31m
Start test 233?[0m
Hibernate: select user0_.email as email1_4_0_, user0_.enabled as enabled2_4_0_, user0_.password as password3_4_0_, user0_.role as role4_4_0_ from user user0_ where user0_.email=?
Hibernate: select quiz0_.id as id1_1_, quiz0_.text as text2_1_, quiz0_.title as title3_1_, quiz0_.user_email as user_ema4_1_ from quiz quiz0_ order by quiz0_.id asc limit ? offset ?
Hibernate: select user0_.email as email1_4_0_, user0_.enabled as enabled2_4_0_, user0_.password as password3_4_0_, user0_.role as role4_4_0_ from user user0_ where user0_.email=?
Hibernate: select user0_.email as email1_4_0_, user0_.enabled as enabled2_4_0_, user0_.password as password3_4_0_, user0_.role as role4_4_0_ from user user0_ where user0_.email=?
Hibernate: select options0_.quiz_id as quiz_id1_3_0_, options0_.options as options2_3_0_ from quiz_options options0_ where options0_.quiz_id=?
Hibernate: select options0_.quiz_id as quiz_id1_3_0_, options0_.options as options2_3_0_ from quiz_options options0_ where options0_.quiz_id=?
Hibernate: select options0_.quiz_id as quiz_id1_3_0_, options0_.options as options2_3_0_ from quiz_options options0_ where options0_.quiz_id=?
Hibernate: select options0_.quiz_id as quiz_id1_3_0_, options0_.options as options2_3_0_ from quiz_options options0_ where options0_.quiz_id=?
Hibernate: select options0_.quiz_id as quiz_id1_3_0_, options0_.options as options2_3_0_ from quiz_options options0_ where options0_.quiz_id=?
?[1;31m
Start test 234?[0m
Hibernate: select user0_.email as email1_4_0_, user0_.enabled as enabled2_4_0_, user0_.password as password3_4_0_, user0_.role as role4_4_0_ from user user0_ where user0_.email=?
Hibernate: select quiz0_.id as id1_1_, quiz0_.text as text2_1_, quiz0_.title as title3_1_, quiz0_.user_email as user_ema4_1_ from quiz quiz0_ order by quiz0_.id asc limit ? offset ?
Hibernate: select user0_.email as email1_4_0_, user0_.enabled as enabled2_4_0_, user0_.password as password3_4_0_, user0_.role as role4_4_0_ from user user0_ where user0_.email=?
Hibernate: select user0_.email as email1_4_0_, user0_.enabled as enabled2_4_0_, user0_.password as password3_4_0_, user0_.role as role4_4_0_ from user user0_ where user0_.email=?
Hibernate: select options0_.quiz_id as quiz_id1_3_0_, options0_.options as options2_3_0_ from quiz_options options0_ where options0_.quiz_id=?
Hibernate: select options0_.quiz_id as quiz_id1_3_0_, options0_.options as options2_3_0_ from quiz_options options0_ where options0_.quiz_id=?
Hibernate: select options0_.quiz_id as quiz_id1_3_0_, options0_.options as options2_3_0_ from quiz_options options0_ where options0_.quiz_id=?
Hibernate: select options0_.quiz_id as quiz_id1_3_0_, options0_.options as options2_3_0_ from quiz_options options0_ where options0_.quiz_id=?
Hibernate: select options0_.quiz_id as quiz_id1_3_0_, options0_.options as options2_3_0_ from quiz_options options0_ where options0_.quiz_id=?
]]></system-out>
  <system-err><![CDATA[]]></system-err>
</testsuite>
